<?xml version="1.0" encoding="UTF-8"?>
<!-- Generated by org.testng.reporters.JUnitXMLReporter -->
<testsuite hostname="MICHAPRU01" ignored="1" name="Default test" tests="1" failures="0" timestamp="16 Jan 2020 13:35:58 GMT" time="19.573" errors="0">
  <testcase name="addEntityToTheFolder" time="12.719" classname="desktop.tests.TestOneDriveDesktop"/>
  <testcase name="checkOneDriveDesktop" time="0.0" classname="desktop.tests.TestOneDriveDesktop">
    <ignored/>
  </testcase> <!-- checkOneDriveDesktop -->
</testsuite> <!-- Default test -->
