<?xml version="1.0" encoding="UTF-8"?>
<!-- Generated by org.testng.reporters.JUnitXMLReporter -->
<testsuite hostname="MICHAPRU01" ignored="2" name="Default test" tests="1" failures="0" timestamp="06 Jan 2020 09:04:33 GMT" time="53.791" errors="0">
  <testcase name="createNewMessage" time="49.427" classname="desktop.tests.TestOutlookDesktop"/>
  <testcase name="createNewAmdocsMeeting" time="0.0" classname="desktop.tests.TestOutlookDesktop">
    <ignored/>
  </testcase> <!-- createNewAmdocsMeeting -->
  <testcase name="createNewMeeting" time="0.0" classname="desktop.tests.TestOutlookDesktop">
    <ignored/>
  </testcase> <!-- createNewMeeting -->
</testsuite> <!-- Default test -->
