<?xml version="1.0" encoding="UTF-8"?>
<testng-results skipped="0" failed="0" ignored="2" total="3" passed="1">
  <reporter-output>
  </reporter-output>
  <suite name="Desktop suite" duration-ms="60542" started-at="2020-01-06T09:18:38Z" finished-at="2020-01-06T09:19:38Z">
    <groups>
      <group name="DesktopOutlook">
        <method signature="TestOutlookDesktop.createNewMessage()[pri:0, instance:desktop.tests.TestOutlookDesktop@7a3d45bd]" name="createNewMessage" class="desktop.tests.TestOutlookDesktop"/>
      </group> <!-- DesktopOutlook -->
    </groups>
    <test name="testing" duration-ms="60542" started-at="2020-01-06T09:18:38Z" finished-at="2020-01-06T09:19:38Z">
      <class name="desktop.tests.TestOutlookDesktop">
        <test-method status="PASS" signature="setupEnvironment()[pri:0, instance:desktop.tests.TestOutlookDesktop@7a3d45bd]" name="setupEnvironment" is-config="true" duration-ms="956" started-at="2020-01-06T09:18:38Z" finished-at="2020-01-06T09:18:39Z">
          <reporter-output>
          </reporter-output>
        </test-method> <!-- setupEnvironment -->
        <test-method status="PASS" signature="startDriver()[pri:0, instance:desktop.tests.TestOutlookDesktop@7a3d45bd]" name="startDriver" is-config="true" duration-ms="1203" started-at="2020-01-06T09:18:39Z" finished-at="2020-01-06T09:18:40Z">
          <reporter-output>
          </reporter-output>
        </test-method> <!-- startDriver -->
        <test-method status="PASS" signature="createNewMessage()[pri:0, instance:desktop.tests.TestOutlookDesktop@7a3d45bd]" name="createNewMessage" duration-ms="47563" started-at="2020-01-06T09:18:40Z" finished-at="2020-01-06T09:19:27Z">
          <reporter-output>
          </reporter-output>
        </test-method> <!-- createNewMessage -->
        <test-method status="PASS" signature="stopDriver()[pri:0, instance:desktop.tests.TestOutlookDesktop@7a3d45bd]" name="stopDriver" is-config="true" duration-ms="10292" started-at="2020-01-06T09:19:27Z" finished-at="2020-01-06T09:19:38Z">
          <reporter-output>
          </reporter-output>
        </test-method> <!-- stopDriver -->
        <test-method status="PASS" signature="tearDown()[pri:0, instance:desktop.tests.TestOutlookDesktop@7a3d45bd]" name="tearDown" is-config="true" duration-ms="476" started-at="2020-01-06T09:19:38Z" finished-at="2020-01-06T09:19:38Z">
          <reporter-output>
          </reporter-output>
        </test-method> <!-- tearDown -->
      </class> <!-- desktop.tests.TestOutlookDesktop -->
    </test> <!-- testing -->
  </suite> <!-- Desktop suite -->
</testng-results>
