<?xml version="1.0" encoding="UTF-8"?>
<!-- Generated by org.testng.reporters.JUnitXMLReporter -->
<testsuite hostname="MICHAPRU01" ignored="2" name="testing" tests="1" failures="0" timestamp="06 Jan 2020 09:19:38 GMT" time="60.542" errors="0">
  <testcase name="createNewMessage" time="47.563" classname="desktop.tests.TestOutlookDesktop"/>
  <testcase name="createNewAmdocsMeeting" time="0.0" classname="desktop.tests.TestOutlookDesktop">
    <ignored/>
  </testcase> <!-- createNewAmdocsMeeting -->
  <testcase name="createNewMeeting" time="0.0" classname="desktop.tests.TestOutlookDesktop">
    <ignored/>
  </testcase> <!-- createNewMeeting -->
</testsuite> <!-- testing -->
