<?xml version="1.0" encoding="UTF-8"?>
<!-- Generated by org.testng.reporters.JUnitXMLReporter -->
<testsuite hostname="MICHAPRU01" ignored="39" name="testing" tests="3" failures="0" timestamp="10 Feb 2020 14:03:41 GMT" time="223.118" errors="0">
  <testcase name="createReoccurringMeeting" time="49.181" classname="desktop.tests.TestOutlookDesktop"/>
  <testcase name="checkBeforeConnectionNewRecMeetingIDAvaya" time="88.672" classname="desktop.tests.TestOutlookDesktop"/>
  <testcase name="checkBeforeConnectionNewRecMeetingIDPolycom" time="68.331" classname="desktop.tests.TestOutlookDesktop"/>
  <testcase name="createNewMessage" time="0.0" classname="desktop.tests.TestOutlookDesktop">
    <ignored/>
  </testcase> <!-- createNewMessage -->
  <testcase name="updateMeetingFromThePast" time="0.0" classname="desktop.tests.TestOutlookDesktop">
    <ignored/>
  </testcase> <!-- updateMeetingFromThePast -->
  <testcase name="forwardMeeting" time="0.0" classname="desktop.tests.TestOutlookDesktop">
    <ignored/>
  </testcase> <!-- forwardMeeting -->
  <testcase name="verifyRoomCreationAfterMeetingStartTime" time="0.0" classname="desktop.tests.TestOutlookDesktop">
    <ignored/>
  </testcase> <!-- verifyRoomCreationAfterMeetingStartTime -->
  <testcase name="checkConnectionNewMeetingIDAvayaProduction_2" time="0.0" classname="desktop.tests.TestOutlookDesktop">
    <ignored/>
  </testcase> <!-- checkConnectionNewMeetingIDAvayaProduction_2 -->
  <testcase name="updateReoccurringMeeting" time="0.0" classname="desktop.tests.TestOutlookDesktop">
    <ignored/>
  </testcase> <!-- updateReoccurringMeeting -->
  <testcase name="checkConnectionBeforeMeetingPolycomProduction" time="0.0" classname="desktop.tests.TestOutlookDesktop">
    <ignored/>
  </testcase> <!-- checkConnectionBeforeMeetingPolycomProduction -->
  <testcase name="updateMeetingParticipants" time="0.0" classname="desktop.tests.TestOutlookDesktop">
    <ignored/>
  </testcase> <!-- updateMeetingParticipants -->
  <testcase name="checkConnectionNewMeetingIDAvayaProduction" time="0.0" classname="desktop.tests.TestOutlookDesktop">
    <ignored/>
  </testcase> <!-- checkConnectionNewMeetingIDAvayaProduction -->
  <testcase name="check_ProductionAvayaPhoneNumber" time="0.0" classname="desktop.tests.TestOutlookDesktop">
    <ignored/>
  </testcase> <!-- check_ProductionAvayaPhoneNumber -->
  <testcase name="createAmdocsMeetingInTheFuture" time="0.0" classname="desktop.tests.TestOutlookDesktop">
    <ignored/>
  </testcase> <!-- createAmdocsMeetingInTheFuture -->
  <testcase name="verifyRoomCreationBeforeMeetingStartTime" time="0.0" classname="desktop.tests.TestOutlookDesktop">
    <ignored/>
  </testcase> <!-- verifyRoomCreationBeforeMeetingStartTime -->
  <testcase name="check_TestEnvPolycomPhoneNumber" time="0.0" classname="desktop.tests.TestOutlookDesktop">
    <ignored/>
  </testcase> <!-- check_TestEnvPolycomPhoneNumber -->
  <testcase name="checkConnectionNewMeetingIDPolycom" time="0.0" classname="desktop.tests.TestOutlookDesktop">
    <ignored/>
  </testcase> <!-- checkConnectionNewMeetingIDPolycom -->
  <testcase name="createInvalidReoccurringMeeting" time="0.0" classname="desktop.tests.TestOutlookDesktop">
    <ignored/>
  </testcase> <!-- createInvalidReoccurringMeeting -->
  <testcase name="checkAccessNumbers" time="0.0" classname="desktop.tests.TestOutlookDesktop">
    <ignored/>
  </testcase> <!-- checkAccessNumbers -->
  <testcase name="checkBeforeConnectionNewRecMeetingIDAvayaProduction" time="0.0" classname="desktop.tests.TestOutlookDesktop">
    <ignored/>
  </testcase> <!-- checkBeforeConnectionNewRecMeetingIDAvayaProduction -->
  <testcase name="takeMailHeaders" time="0.0" classname="desktop.tests.TestOutlookDesktop">
    <ignored/>
  </testcase> <!-- takeMailHeaders -->
  <testcase name="checkConnectionNewMeetingIDPolycomProduction" time="0.0" classname="desktop.tests.TestOutlookDesktop">
    <ignored/>
  </testcase> <!-- checkConnectionNewMeetingIDPolycomProduction -->
  <testcase name="checkConnectionBeforeMeetingPolycomTestEnv" time="0.0" classname="desktop.tests.TestOutlookDesktop">
    <ignored/>
  </testcase> <!-- checkConnectionBeforeMeetingPolycomTestEnv -->
  <testcase name="reoccurringCancellationOne" time="0.0" classname="desktop.tests.TestOutlookDesktop">
    <ignored/>
  </testcase> <!-- reoccurringCancellationOne -->
  <testcase name="checkBeforeConnectionNewRecMeetingIDPolycomProduction" time="0.0" classname="desktop.tests.TestOutlookDesktop">
    <ignored/>
  </testcase> <!-- checkBeforeConnectionNewRecMeetingIDPolycomProduction -->
  <testcase name="meetingCancellation" time="0.0" classname="desktop.tests.TestOutlookDesktop">
    <ignored/>
  </testcase> <!-- meetingCancellation -->
  <testcase name="updateAllReoccurringMeeting" time="0.0" classname="desktop.tests.TestOutlookDesktop">
    <ignored/>
  </testcase> <!-- updateAllReoccurringMeeting -->
  <testcase name="openMailFromTheMailList" time="0.0" classname="desktop.tests.TestOutlookDesktop">
    <ignored/>
  </testcase> <!-- openMailFromTheMailList -->
  <testcase name="createInvalidNewAmdocsMeeting" time="0.0" classname="desktop.tests.TestOutlookDesktop">
    <ignored/>
  </testcase> <!-- createInvalidNewAmdocsMeeting -->
  <testcase name="updateMeetingDate" time="0.0" classname="desktop.tests.TestOutlookDesktop">
    <ignored/>
  </testcase> <!-- updateMeetingDate -->
  <testcase name="checkSkypeMeetingCallNumber" time="0.0" classname="desktop.tests.TestOutlookDesktop">
    <ignored/>
  </testcase> <!-- checkSkypeMeetingCallNumber -->
  <testcase name="checkConnectionBeforeMeetingAvayaProduction_1" time="0.0" classname="desktop.tests.TestOutlookDesktop">
    <ignored/>
  </testcase> <!-- checkConnectionBeforeMeetingAvayaProduction_1 -->
  <testcase name="checkConnectionBeforeMeetingAvayaProduction_2" time="0.0" classname="desktop.tests.TestOutlookDesktop">
    <ignored/>
  </testcase> <!-- checkConnectionBeforeMeetingAvayaProduction_2 -->
  <testcase name="reoccurringCancellationAll" time="0.0" classname="desktop.tests.TestOutlookDesktop">
    <ignored/>
  </testcase> <!-- reoccurringCancellationAll -->
  <testcase name="createNewAmdocsMeeting" time="0.0" classname="desktop.tests.TestOutlookDesktop">
    <ignored/>
  </testcase> <!-- createNewAmdocsMeeting -->
  <testcase name="check_ProdPolycomPhoneNumber" time="0.0" classname="desktop.tests.TestOutlookDesktop">
    <ignored/>
  </testcase> <!-- check_ProdPolycomPhoneNumber -->
  <testcase name="checkConnectionNewMeetingIDAvaya" time="0.0" classname="desktop.tests.TestOutlookDesktop">
    <ignored/>
  </testcase> <!-- checkConnectionNewMeetingIDAvaya -->
  <testcase name="checkConnectionBeforeMeetingAvayaTestEnv" time="0.0" classname="desktop.tests.TestOutlookDesktop">
    <ignored/>
  </testcase> <!-- checkConnectionBeforeMeetingAvayaTestEnv -->
  <testcase name="createReoccurringMeeting2DaysAgo" time="0.0" classname="desktop.tests.TestOutlookDesktop">
    <ignored/>
  </testcase> <!-- createReoccurringMeeting2DaysAgo -->
  <testcase name="createNewMeeting" time="0.0" classname="desktop.tests.TestOutlookDesktop">
    <ignored/>
  </testcase> <!-- createNewMeeting -->
  <testcase name="checkSkypeMeeting" time="0.0" classname="desktop.tests.TestOutlookDesktop">
    <ignored/>
  </testcase> <!-- checkSkypeMeeting -->
  <testcase name="checkBeforeConnectionNewRecMeetingIDAvayaProduction_2" time="0.0" classname="desktop.tests.TestOutlookDesktop">
    <ignored/>
  </testcase> <!-- checkBeforeConnectionNewRecMeetingIDAvayaProduction_2 -->
</testsuite> <!-- testing -->
