<?xml version="1.0" encoding="UTF-8"?>
<!-- Generated by org.testng.reporters.JUnitXMLReporter -->
<testsuite hostname="MICHAPRU01" ignored="69" name="testing" tests="1" failures="0" timestamp="24 Feb 2020 13:32:22 GMT" time="103.828" errors="0">
  <testcase name="createReoccurringMeetingUpdateOneInThePast" time="90.835" classname="desktop.tests.TestOutlookDesktop"/>
  <testcase name="updateReoccurringMeetingSeries" time="0.0" classname="desktop.tests.TestOutlookDesktop">
    <ignored/>
  </testcase> <!-- updateReoccurringMeetingSeries -->
  <testcase name="forwardMeeting" time="0.0" classname="desktop.tests.TestOutlookDesktop">
    <ignored/>
  </testcase> <!-- forwardMeeting -->
  <testcase name="verifyRoomCreationAfterMeetingStartTime" time="0.0" classname="desktop.tests.TestOutlookDesktop">
    <ignored/>
  </testcase> <!-- verifyRoomCreationAfterMeetingStartTime -->
  <testcase name="checkConnectionNewMeetingIDAvayaProduction_2" time="0.0" classname="desktop.tests.TestOutlookDesktop">
    <ignored/>
  </testcase> <!-- checkConnectionNewMeetingIDAvayaProduction_2 -->
  <testcase name="updateReoccurringMeetingOne" time="0.0" classname="desktop.tests.TestOutlookDesktop">
    <ignored/>
  </testcase> <!-- updateReoccurringMeetingOne -->
  <testcase name="connectToRescheduledRecMeetingWeeklyToDailyAvayaTestEnv" time="0.0" classname="desktop.tests.TestOutlookDesktop">
    <ignored/>
  </testcase> <!-- connectToRescheduledRecMeetingWeeklyToDailyAvayaTestEnv -->
  <testcase name="createRecurrenceMeetingOneTimePerWeek" time="0.0" classname="desktop.tests.TestOutlookDesktop">
    <ignored/>
  </testcase> <!-- createRecurrenceMeetingOneTimePerWeek -->
  <testcase name="checkConnectionNewMeetingIDAvayaProduction" time="0.0" classname="desktop.tests.TestOutlookDesktop">
    <ignored/>
  </testcase> <!-- checkConnectionNewMeetingIDAvayaProduction -->
  <testcase name="createAmdocsMeetingInTheFuture" time="0.0" classname="desktop.tests.TestOutlookDesktop">
    <ignored/>
  </testcase> <!-- createAmdocsMeetingInTheFuture -->
  <testcase name="connectToDeletedMeetingRelevantTimePolycom" time="0.0" classname="desktop.tests.TestOutlookDesktop">
    <ignored/>
  </testcase> <!-- connectToDeletedMeetingRelevantTimePolycom -->
  <testcase name="check_TestEnvPolycomPhoneNumber" time="0.0" classname="desktop.tests.TestOutlookDesktop">
    <ignored/>
  </testcase> <!-- check_TestEnvPolycomPhoneNumber -->
  <testcase name="checkConnectionNewMeetingIDPolycom" time="0.0" classname="desktop.tests.TestOutlookDesktop">
    <ignored/>
  </testcase> <!-- checkConnectionNewMeetingIDPolycom -->
  <testcase name="createMeetingWithoutID" time="0.0" classname="desktop.tests.TestOutlookDesktop">
    <ignored/>
  </testcase> <!-- createMeetingWithoutID -->
  <testcase name="createInvalidReoccurringMeeting" time="0.0" classname="desktop.tests.TestOutlookDesktop">
    <ignored/>
  </testcase> <!-- createInvalidReoccurringMeeting -->
  <testcase name="createReoccurringMeeting_2" time="0.0" classname="desktop.tests.TestOutlookDesktop">
    <ignored/>
  </testcase> <!-- createReoccurringMeeting_2 -->
  <testcase name="connectionUpdatedRecurringMeetingOnePolycomTestEnv" time="0.0" classname="desktop.tests.TestOutlookDesktop">
    <ignored/>
  </testcase> <!-- connectionUpdatedRecurringMeetingOnePolycomTestEnv -->
  <testcase name="checkConnectionBeforeMeetingPolycomTestEnv" time="0.0" classname="desktop.tests.TestOutlookDesktop">
    <ignored/>
  </testcase> <!-- checkConnectionBeforeMeetingPolycomTestEnv -->
  <testcase name="reoccurringCancellationOne" time="0.0" classname="desktop.tests.TestOutlookDesktop">
    <ignored/>
  </testcase> <!-- reoccurringCancellationOne -->
  <testcase name="updateAllReoccurringMeeting" time="0.0" classname="desktop.tests.TestOutlookDesktop">
    <ignored/>
  </testcase> <!-- updateAllReoccurringMeeting -->
  <testcase name="updateMeetingFromThePastTimeAndDateInOneDay" time="0.0" classname="desktop.tests.TestOutlookDesktop">
    <ignored/>
  </testcase> <!-- updateMeetingFromThePastTimeAndDateInOneDay -->
  <testcase name="createReoccurringMeeting" time="0.0" classname="desktop.tests.TestOutlookDesktop">
    <ignored/>
  </testcase> <!-- createReoccurringMeeting -->
  <testcase name="connectToRescheduledRecMeetingWeeklyToDailyAvayaProduction_1" time="0.0" classname="desktop.tests.TestOutlookDesktop">
    <ignored/>
  </testcase> <!-- connectToRescheduledRecMeetingWeeklyToDailyAvayaProduction_1 -->
  <testcase name="checkConnectionAfterMeetingPolycomProduction" time="0.0" classname="desktop.tests.TestOutlookDesktop">
    <ignored/>
  </testcase> <!-- checkConnectionAfterMeetingPolycomProduction -->
  <testcase name="connectToRescheduledRecMeetingWeeklyToDailyAvayaProduction_2" time="0.0" classname="desktop.tests.TestOutlookDesktop">
    <ignored/>
  </testcase> <!-- connectToRescheduledRecMeetingWeeklyToDailyAvayaProduction_2 -->
  <testcase name="checkBeforeConnectionNewRecMeetingIDAvaya" time="0.0" classname="desktop.tests.TestOutlookDesktop">
    <ignored/>
  </testcase> <!-- checkBeforeConnectionNewRecMeetingIDAvaya -->
  <testcase name="connectToDeletedMeetingRelevantTimeAvayaProdEnv" time="0.0" classname="desktop.tests.TestOutlookDesktop">
    <ignored/>
  </testcase> <!-- connectToDeletedMeetingRelevantTimeAvayaProdEnv -->
  <testcase name="createNewAmdocsMeeting" time="0.0" classname="desktop.tests.TestOutlookDesktop">
    <ignored/>
  </testcase> <!-- createNewAmdocsMeeting -->
  <testcase name="rescheduleRecMeetingOnePerWeekToDaily" time="0.0" classname="desktop.tests.TestOutlookDesktop">
    <ignored/>
  </testcase> <!-- rescheduleRecMeetingOnePerWeekToDaily -->
  <testcase name="checkMainAmdocsMeetingWindowTemplate" time="0.0" classname="desktop.tests.TestOutlookDesktop">
    <ignored/>
  </testcase> <!-- checkMainAmdocsMeetingWindowTemplate -->
  <testcase name="check_ProdPolycomPhoneNumber" time="0.0" classname="desktop.tests.TestOutlookDesktop">
    <ignored/>
  </testcase> <!-- check_ProdPolycomPhoneNumber -->
  <testcase name="checkConnectionNewMeetingIDAvaya" time="0.0" classname="desktop.tests.TestOutlookDesktop">
    <ignored/>
  </testcase> <!-- checkConnectionNewMeetingIDAvaya -->
  <testcase name="checkSkypeMeeting" time="0.0" classname="desktop.tests.TestOutlookDesktop">
    <ignored/>
  </testcase> <!-- checkSkypeMeeting -->
  <testcase name="checkConnectionAfterMeetingAvayaProduction_1" time="0.0" classname="desktop.tests.TestOutlookDesktop">
    <ignored/>
  </testcase> <!-- checkConnectionAfterMeetingAvayaProduction_1 -->
  <testcase name="createNewMessage" time="0.0" classname="desktop.tests.TestOutlookDesktop">
    <ignored/>
  </testcase> <!-- createNewMessage -->
  <testcase name="updateMeetingFromThePast" time="0.0" classname="desktop.tests.TestOutlookDesktop">
    <ignored/>
  </testcase> <!-- updateMeetingFromThePast -->
  <testcase name="checkConnectionAfterMeetingAvayaProduction_2" time="0.0" classname="desktop.tests.TestOutlookDesktop">
    <ignored/>
  </testcase> <!-- checkConnectionAfterMeetingAvayaProduction_2 -->
  <testcase name="connectToDeletedMeetingRelevantTimeAvaya2ProdEnv" time="0.0" classname="desktop.tests.TestOutlookDesktop">
    <ignored/>
  </testcase> <!-- connectToDeletedMeetingRelevantTimeAvaya2ProdEnv -->
  <testcase name="checkBeforeConnectionNewRecMeetingIDPolycom" time="0.0" classname="desktop.tests.TestOutlookDesktop">
    <ignored/>
  </testcase> <!-- checkBeforeConnectionNewRecMeetingIDPolycom -->
  <testcase name="updateReoccurringMeeting" time="0.0" classname="desktop.tests.TestOutlookDesktop">
    <ignored/>
  </testcase> <!-- updateReoccurringMeeting -->
  <testcase name="checkConnectionBeforeMeetingPolycomProduction" time="0.0" classname="desktop.tests.TestOutlookDesktop">
    <ignored/>
  </testcase> <!-- checkConnectionBeforeMeetingPolycomProduction -->
  <testcase name="checkConnectionAfterMeetingPolycomTestEnv" time="0.0" classname="desktop.tests.TestOutlookDesktop">
    <ignored/>
  </testcase> <!-- checkConnectionAfterMeetingPolycomTestEnv -->
  <testcase name="connectionUpdatedRecurringMeetingOneAvayaTestEnv" time="0.0" classname="desktop.tests.TestOutlookDesktop">
    <ignored/>
  </testcase> <!-- connectionUpdatedRecurringMeetingOneAvayaTestEnv -->
  <testcase name="updateMeetingParticipants" time="0.0" classname="desktop.tests.TestOutlookDesktop">
    <ignored/>
  </testcase> <!-- updateMeetingParticipants -->
  <testcase name="check_ProductionAvayaPhoneNumber" time="0.0" classname="desktop.tests.TestOutlookDesktop">
    <ignored/>
  </testcase> <!-- check_ProductionAvayaPhoneNumber -->
  <testcase name="verifyRoomCreationBeforeMeetingStartTime" time="0.0" classname="desktop.tests.TestOutlookDesktop">
    <ignored/>
  </testcase> <!-- verifyRoomCreationBeforeMeetingStartTime -->
  <testcase name="checkConnectionAfterMeetingAvayaTestEnv" time="0.0" classname="desktop.tests.TestOutlookDesktop">
    <ignored/>
  </testcase> <!-- checkConnectionAfterMeetingAvayaTestEnv -->
  <testcase name="createNewAmdocsMeetingAndPreposeAnotherTime" time="0.0" classname="desktop.tests.TestOutlookDesktop">
    <ignored/>
  </testcase> <!-- createNewAmdocsMeetingAndPreposeAnotherTime -->
  <testcase name="checkAccessNumbers" time="0.0" classname="desktop.tests.TestOutlookDesktop">
    <ignored/>
  </testcase> <!-- checkAccessNumbers -->
  <testcase name="checkBeforeConnectionNewRecMeetingIDAvayaProduction" time="0.0" classname="desktop.tests.TestOutlookDesktop">
    <ignored/>
  </testcase> <!-- checkBeforeConnectionNewRecMeetingIDAvayaProduction -->
  <testcase name="takeMailHeaders" time="0.0" classname="desktop.tests.TestOutlookDesktop">
    <ignored/>
  </testcase> <!-- takeMailHeaders -->
  <testcase name="checkConnectionNewMeetingIDPolycomProduction" time="0.0" classname="desktop.tests.TestOutlookDesktop">
    <ignored/>
  </testcase> <!-- checkConnectionNewMeetingIDPolycomProduction -->
  <testcase name="checkBeforeConnectionNewRecMeetingIDPolycomProduction" time="0.0" classname="desktop.tests.TestOutlookDesktop">
    <ignored/>
  </testcase> <!-- checkBeforeConnectionNewRecMeetingIDPolycomProduction -->
  <testcase name="connectToRescheduledRecMeetingWeeklyToDailyPolycomProduction_2" time="0.0" classname="desktop.tests.TestOutlookDesktop">
    <ignored/>
  </testcase> <!-- connectToRescheduledRecMeetingWeeklyToDailyPolycomProduction_2 -->
  <testcase name="meetingCancellation" time="0.0" classname="desktop.tests.TestOutlookDesktop">
    <ignored/>
  </testcase> <!-- meetingCancellation -->
  <testcase name="createRecurrenceMeetingAndReschadule1Event" time="0.0" classname="desktop.tests.TestOutlookDesktop">
    <ignored/>
  </testcase> <!-- createRecurrenceMeetingAndReschadule1Event -->
  <testcase name="openMailFromTheMailList" time="0.0" classname="desktop.tests.TestOutlookDesktop">
    <ignored/>
  </testcase> <!-- openMailFromTheMailList -->
  <testcase name="createInvalidNewAmdocsMeeting" time="0.0" classname="desktop.tests.TestOutlookDesktop">
    <ignored/>
  </testcase> <!-- createInvalidNewAmdocsMeeting -->
  <testcase name="updateMeetingDate" time="0.0" classname="desktop.tests.TestOutlookDesktop">
    <ignored/>
  </testcase> <!-- updateMeetingDate -->
  <testcase name="checkSkypeMeetingCallNumber" time="0.0" classname="desktop.tests.TestOutlookDesktop">
    <ignored/>
  </testcase> <!-- checkSkypeMeetingCallNumber -->
  <testcase name="checkConnectionBeforeMeetingAvayaProduction_1" time="0.0" classname="desktop.tests.TestOutlookDesktop">
    <ignored/>
  </testcase> <!-- checkConnectionBeforeMeetingAvayaProduction_1 -->
  <testcase name="checkConnectionBeforeMeetingAvayaProduction_2" time="0.0" classname="desktop.tests.TestOutlookDesktop">
    <ignored/>
  </testcase> <!-- checkConnectionBeforeMeetingAvayaProduction_2 -->
  <testcase name="reoccurringCancellationAll" time="0.0" classname="desktop.tests.TestOutlookDesktop">
    <ignored/>
  </testcase> <!-- reoccurringCancellationAll -->
  <testcase name="connectToDeletedMeetingRelevantTimePolycomProdEnv" time="0.0" classname="desktop.tests.TestOutlookDesktop">
    <ignored/>
  </testcase> <!-- connectToDeletedMeetingRelevantTimePolycomProdEnv -->
  <testcase name="connectToDeletedMeetingRelevantTimeAvaya" time="0.0" classname="desktop.tests.TestOutlookDesktop">
    <ignored/>
  </testcase> <!-- connectToDeletedMeetingRelevantTimeAvaya -->
  <testcase name="checkConnectionBeforeMeetingAvayaTestEnv" time="0.0" classname="desktop.tests.TestOutlookDesktop">
    <ignored/>
  </testcase> <!-- checkConnectionBeforeMeetingAvayaTestEnv -->
  <testcase name="createReoccurringMeeting2DaysAgo" time="0.0" classname="desktop.tests.TestOutlookDesktop">
    <ignored/>
  </testcase> <!-- createReoccurringMeeting2DaysAgo -->
  <testcase name="createNewMeeting" time="0.0" classname="desktop.tests.TestOutlookDesktop">
    <ignored/>
  </testcase> <!-- createNewMeeting -->
  <testcase name="connectToRescheduledRecMeetingWeeklyToDailyPolicomTestEnv" time="0.0" classname="desktop.tests.TestOutlookDesktop">
    <ignored/>
  </testcase> <!-- connectToRescheduledRecMeetingWeeklyToDailyPolicomTestEnv -->
  <testcase name="checkBeforeConnectionNewRecMeetingIDAvayaProduction_2" time="0.0" classname="desktop.tests.TestOutlookDesktop">
    <ignored/>
  </testcase> <!-- checkBeforeConnectionNewRecMeetingIDAvayaProduction_2 -->
</testsuite> <!-- testing -->
