<?xml version="1.0" encoding="UTF-8"?>
<!-- Generated by org.testng.reporters.JUnitXMLReporter -->
<testsuite hostname="MICHAPRU01" ignored="93" name="amdocsMeeting" tests="21" failures="3" timestamp="05 Mar 2020 14:23:28 GMT" time="1212.491" errors="0">
  <testcase name="createAmdocsMeeting_Load" time="42.536" classname="desktop.tests.TestOutlookDesktop"/>
  <testcase name="createAmdocsMeeting_Load" time="41.214" classname="desktop.tests.TestOutlookDesktop"/>
  <testcase name="createAmdocsMeeting_Load" time="42.026" classname="desktop.tests.TestOutlookDesktop"/>
  <testcase name="createAmdocsMeeting_Load" time="41.73" classname="desktop.tests.TestOutlookDesktop"/>
  <testcase name="createAmdocsMeeting_Load" time="42.349" classname="desktop.tests.TestOutlookDesktop"/>
  <testcase name="createAmdocsMeeting_Load" time="41.485" classname="desktop.tests.TestOutlookDesktop"/>
  <testcase name="createAmdocsMeeting_Load" time="41.944" classname="desktop.tests.TestOutlookDesktop"/>
  <testcase name="createAmdocsMeeting_Load" time="41.14" classname="desktop.tests.TestOutlookDesktop"/>
  <testcase name="createAmdocsMeeting_Load" time="41.731" classname="desktop.tests.TestOutlookDesktop">
    <failure type="org.openqa.selenium.TimeoutException" message="Expected condition failed: waiting for presence of element located by: By.xpath: //*[@LocalizedControlType=&amp;apos;document&amp;apos; and contains(@Name,&amp;apos;AUTOTEST_35661&amp;apos;)] (tried for 1 second(s) with 500 milliseconds interval)">
      <![CDATA[org.openqa.selenium.TimeoutException: Expected condition failed: waiting for presence of element located by: By.xpath: //*[@LocalizedControlType='document' and contains(@Name,'AUTOTEST_35661')] (tried for 1 second(s) with 500 milliseconds interval)
at org.openqa.selenium.support.ui.WebDriverWait.timeoutException(WebDriverWait.java:95)
at org.openqa.selenium.support.ui.FluentWait.until(FluentWait.java:272)
at desktop.pages.OutlookDesktop.specifyLoadMeeting(OutlookDesktop.java:2148)
at desktop.tests.TestOutlookDesktop.createAmdocsMeeting_Load(TestOutlookDesktop.java:98)
Caused by: org.openqa.selenium.NoSuchElementException: Element cannot be found (WARNING: The server did not provide any stacktrace information)
Command duration or timeout: 0 milliseconds
For documentation on this error, please visit: https://www.seleniumhq.org/exceptions/no_such_element.html
Build info: version: '3.141.59', revision: 'e82be7d358', time: '2018-11-14T08:25:48'
System info: host: 'MICHAPRU01', ip: '10.234.12.195', os.name: 'Windows 10', os.arch: 'amd64', os.version: '10.0', java.version: '1.8.0_231'
Driver info: org.openqa.selenium.winium.WiniumDriver
Capabilities {app: C:\Program Files (x86)\Micr..., args: , debugConnectToRunningApp: false, innerPort: 9998, javascriptEnabled: true, keyboardSimulator: 1, launchDelay: 0, platform: ANY, platformName: ANY}
Session ID: AwesomeSession
*** Element info: {Using=xpath, value=//*[@LocalizedControlType='document' and contains(@Name,'AUTOTEST_35661')]}
at org.openqa.selenium.remote.ErrorHandler.createThrowable(ErrorHandler.java:214)
at org.openqa.selenium.remote.ErrorHandler.throwIfResponseFailed(ErrorHandler.java:166)
at org.openqa.selenium.remote.http.JsonHttpResponseCodec.reconstructValue(JsonHttpResponseCodec.java:40)
at org.openqa.selenium.remote.http.AbstractHttpResponseCodec.decode(AbstractHttpResponseCodec.java:80)
at org.openqa.selenium.remote.http.AbstractHttpResponseCodec.decode(AbstractHttpResponseCodec.java:44)
at org.openqa.selenium.remote.HttpCommandExecutor.execute(HttpCommandExecutor.java:158)
at org.openqa.selenium.winium.WiniumDriverCommandExecutor.execute(WiniumDriverCommandExecutor.java:78)
at org.openqa.selenium.remote.RemoteWebDriver.execute(RemoteWebDriver.java:552)
at org.openqa.selenium.remote.RemoteWebDriver.findElement(RemoteWebDriver.java:323)
at org.openqa.selenium.remote.RemoteWebDriver.findElementByXPath(RemoteWebDriver.java:428)
at org.openqa.selenium.By$ByXPath.findElement(By.java:353)
at org.openqa.selenium.remote.RemoteWebDriver.findElement(RemoteWebDriver.java:315)
at org.openqa.selenium.support.ui.ExpectedConditions$6.apply(ExpectedConditions.java:182)
at org.openqa.selenium.support.ui.ExpectedConditions$6.apply(ExpectedConditions.java:179)
at org.openqa.selenium.support.ui.FluentWait.until(FluentWait.java:249)
... 27 more
... Removed 29 stack frames]]>
    </failure>
  </testcase> <!-- createAmdocsMeeting_Load -->
  <testcase name="createAmdocsMeeting_Load" time="41.579" classname="desktop.tests.TestOutlookDesktop"/>
  <testcase name="callAvayaTestEnvLoad" time="34.851" classname="desktop.tests.TestOutlookDesktop"/>
  <testcase name="callAvayaTestEnvLoad" time="51.823" classname="desktop.tests.TestOutlookDesktop"/>
  <testcase name="callAvayaTestEnvLoad" time="51.703" classname="desktop.tests.TestOutlookDesktop"/>
  <testcase name="callAvayaTestEnvLoad" time="51.67" classname="desktop.tests.TestOutlookDesktop"/>
  <testcase name="callAvayaTestEnvLoad" time="51.186" classname="desktop.tests.TestOutlookDesktop"/>
  <testcase name="callAvayaTestEnvLoad" time="51.364" classname="desktop.tests.TestOutlookDesktop"/>
  <testcase name="callAvayaTestEnvLoad" time="51.3" classname="desktop.tests.TestOutlookDesktop"/>
  <testcase name="callAvayaTestEnvLoad" time="51.584" classname="desktop.tests.TestOutlookDesktop"/>
  <testcase name="callAvayaTestEnvLoad" time="54.171" classname="desktop.tests.TestOutlookDesktop"/>
  <testcase name="callAvayaTestEnvLoad" time="0.001" classname="desktop.tests.TestOutlookDesktop">
    <failure type="java.lang.IndexOutOfBoundsException" message="Index: 0, Size: 0">
      <![CDATA[java.lang.IndexOutOfBoundsException: Index: 0, Size: 0
at java.util.ArrayList.rangeCheck(Unknown Source)
at java.util.ArrayList.get(Unknown Source)
at desktop.tests.TestOutlookDesktop.callAvayaTestEnvLoad(TestOutlookDesktop.java:128)
... Removed 25 stack frames]]>
    </failure>
  </testcase> <!-- callAvayaTestEnvLoad -->
  <testcase name="deleteMeetingLoad_1Iteration" time="188.637" classname="desktop.tests.TestOutlookDesktop">
    <failure type="java.lang.IndexOutOfBoundsException" message="Index: 0, Size: 0">
      <![CDATA[java.lang.IndexOutOfBoundsException: Index: 0, Size: 0
at java.util.ArrayList.rangeCheck(Unknown Source)
at java.util.ArrayList.get(Unknown Source)
at desktop.tests.TestOutlookDesktop.deleteMeetingLoad_1Iteration(TestOutlookDesktop.java:186)
... Removed 25 stack frames]]>
    </failure>
  </testcase> <!-- deleteMeetingLoad_1Iteration -->
  <testcase name="updateReoccurringMeetingSeries" time="0.0" classname="desktop.tests.TestOutlookDesktop">
    <ignored/>
  </testcase> <!-- updateReoccurringMeetingSeries -->
  <testcase name="forwardMeeting" time="0.0" classname="desktop.tests.TestOutlookDesktop">
    <ignored/>
  </testcase> <!-- forwardMeeting -->
  <testcase name="verifyRoomCreationAfterMeetingStartTime" time="0.0" classname="desktop.tests.TestOutlookDesktop">
    <ignored/>
  </testcase> <!-- verifyRoomCreationAfterMeetingStartTime -->
  <testcase name="checkConnectionNewMeetingIDAvayaProduction_2" time="0.0" classname="desktop.tests.TestOutlookDesktop">
    <ignored/>
  </testcase> <!-- checkConnectionNewMeetingIDAvayaProduction_2 -->
  <testcase name="setRecurrenceAmdocsMeetingTestEnv" time="0.0" classname="desktop.tests.TestOutlookDesktop">
    <ignored/>
  </testcase> <!-- setRecurrenceAmdocsMeetingTestEnv -->
  <testcase name="updateReoccurringMeetingOne" time="0.0" classname="desktop.tests.TestOutlookDesktop">
    <ignored/>
  </testcase> <!-- updateReoccurringMeetingOne -->
  <testcase name="connectionAllDayMeetingPolycomProductionEnv" time="0.0" classname="desktop.tests.TestOutlookDesktop">
    <ignored/>
  </testcase> <!-- connectionAllDayMeetingPolycomProductionEnv -->
  <testcase name="connectToRescheduledRecMeetingWeeklyToDailyAvayaTestEnv" time="0.0" classname="desktop.tests.TestOutlookDesktop">
    <ignored/>
  </testcase> <!-- connectToRescheduledRecMeetingWeeklyToDailyAvayaTestEnv -->
  <testcase name="setRecurrenceMeetingInTheFutureTestEnv" time="0.0" classname="desktop.tests.TestOutlookDesktop">
    <ignored/>
  </testcase> <!-- setRecurrenceMeetingInTheFutureTestEnv -->
  <testcase name="createNewAmdocsMeetingS" time="0.0" classname="desktop.tests.TestOutlookDesktop">
    <ignored/>
  </testcase> <!-- createNewAmdocsMeetingS -->
  <testcase name="callPolycomProductionEnvLoad" time="0.0" classname="desktop.tests.TestOutlookDesktop">
    <ignored/>
  </testcase> <!-- callPolycomProductionEnvLoad -->
  <testcase name="createAllDayMeeting" time="0.0" classname="desktop.tests.TestOutlookDesktop">
    <ignored/>
  </testcase> <!-- createAllDayMeeting -->
  <testcase name="createRecurrenceMeetingOneTimePerWeek" time="0.0" classname="desktop.tests.TestOutlookDesktop">
    <ignored/>
  </testcase> <!-- createRecurrenceMeetingOneTimePerWeek -->
  <testcase name="checkConnectionNewMeetingIDAvayaProduction" time="0.0" classname="desktop.tests.TestOutlookDesktop">
    <ignored/>
  </testcase> <!-- checkConnectionNewMeetingIDAvayaProduction -->
  <testcase name="createAmdocsMeetingInTheFuture" time="0.0" classname="desktop.tests.TestOutlookDesktop">
    <ignored/>
  </testcase> <!-- createAmdocsMeetingInTheFuture -->
  <testcase name="connectToDeletedMeetingRelevantTimePolycom" time="0.0" classname="desktop.tests.TestOutlookDesktop">
    <ignored/>
  </testcase> <!-- connectToDeletedMeetingRelevantTimePolycom -->
  <testcase name="check_TestEnvPolycomPhoneNumber" time="0.0" classname="desktop.tests.TestOutlookDesktop">
    <ignored/>
  </testcase> <!-- check_TestEnvPolycomPhoneNumber -->
  <testcase name="checkConnectionNewMeetingIDPolycom" time="0.0" classname="desktop.tests.TestOutlookDesktop">
    <ignored/>
  </testcase> <!-- checkConnectionNewMeetingIDPolycom -->
  <testcase name="setRecurrenceAmdocsMeetingProductionEnv" time="0.0" classname="desktop.tests.TestOutlookDesktop">
    <ignored/>
  </testcase> <!-- setRecurrenceAmdocsMeetingProductionEnv -->
  <testcase name="createMeetingWithoutID" time="0.0" classname="desktop.tests.TestOutlookDesktop">
    <ignored/>
  </testcase> <!-- createMeetingWithoutID -->
  <testcase name="createReoccurringMeeting_2" time="0.0" classname="desktop.tests.TestOutlookDesktop">
    <ignored/>
  </testcase> <!-- createReoccurringMeeting_2 -->
  <testcase name="createInvalidReoccurringMeeting" time="0.0" classname="desktop.tests.TestOutlookDesktop">
    <ignored/>
  </testcase> <!-- createInvalidReoccurringMeeting -->
  <testcase name="connectionUpdatedRecurringMeetingOnePolycomTestEnv" time="0.0" classname="desktop.tests.TestOutlookDesktop">
    <ignored/>
  </testcase> <!-- connectionUpdatedRecurringMeetingOnePolycomTestEnv -->
  <testcase name="checkConnectionBeforeMeetingPolycomTestEnv" time="0.0" classname="desktop.tests.TestOutlookDesktop">
    <ignored/>
  </testcase> <!-- checkConnectionBeforeMeetingPolycomTestEnv -->
  <testcase name="reoccurringCancellationOne" time="0.0" classname="desktop.tests.TestOutlookDesktop">
    <ignored/>
  </testcase> <!-- reoccurringCancellationOne -->
  <testcase name="updateAllReoccurringMeeting" time="0.0" classname="desktop.tests.TestOutlookDesktop">
    <ignored/>
  </testcase> <!-- updateAllReoccurringMeeting -->
  <testcase name="setAllDayMeetingProductionEnvironment" time="0.0" classname="desktop.tests.TestOutlookDesktop">
    <ignored/>
  </testcase> <!-- setAllDayMeetingProductionEnvironment -->
  <testcase name="updateMeetingFromThePastTimeAndDateInOneDay" time="0.0" classname="desktop.tests.TestOutlookDesktop">
    <ignored/>
  </testcase> <!-- updateMeetingFromThePastTimeAndDateInOneDay -->
  <testcase name="createReoccurringMeeting" time="0.0" classname="desktop.tests.TestOutlookDesktop">
    <ignored/>
  </testcase> <!-- createReoccurringMeeting -->
  <testcase name="connectToRescheduledRecMeetingWeeklyToDailyAvayaProduction_1" time="0.0" classname="desktop.tests.TestOutlookDesktop">
    <ignored/>
  </testcase> <!-- connectToRescheduledRecMeetingWeeklyToDailyAvayaProduction_1 -->
  <testcase name="checkConnectionAfterMeetingPolycomProduction" time="0.0" classname="desktop.tests.TestOutlookDesktop">
    <ignored/>
  </testcase> <!-- checkConnectionAfterMeetingPolycomProduction -->
  <testcase name="connectToRescheduledRecMeetingWeeklyToDailyAvayaProduction_2" time="0.0" classname="desktop.tests.TestOutlookDesktop">
    <ignored/>
  </testcase> <!-- connectToRescheduledRecMeetingWeeklyToDailyAvayaProduction_2 -->
  <testcase name="create24HoursMeeting" time="0.0" classname="desktop.tests.TestOutlookDesktop">
    <ignored/>
  </testcase> <!-- create24HoursMeeting -->
  <testcase name="checkBeforeConnectionNewRecMeetingIDAvaya" time="0.0" classname="desktop.tests.TestOutlookDesktop">
    <ignored/>
  </testcase> <!-- checkBeforeConnectionNewRecMeetingIDAvaya -->
  <testcase name="connectionAllDayMeetingAvayaTestEnv" time="0.0" classname="desktop.tests.TestOutlookDesktop">
    <ignored/>
  </testcase> <!-- connectionAllDayMeetingAvayaTestEnv -->
  <testcase name="connectToDeletedMeetingRelevantTimeAvayaProdEnv" time="0.0" classname="desktop.tests.TestOutlookDesktop">
    <ignored/>
  </testcase> <!-- connectToDeletedMeetingRelevantTimeAvayaProdEnv -->
  <testcase name="deleteMeetingLoad" time="0.0" classname="desktop.tests.TestOutlookDesktop">
    <ignored/>
  </testcase> <!-- deleteMeetingLoad -->
  <testcase name="createNewAmdocsMeeting" time="0.0" classname="desktop.tests.TestOutlookDesktop">
    <ignored/>
  </testcase> <!-- createNewAmdocsMeeting -->
  <testcase name="rescheduleRecMeetingOnePerWeekToDaily" time="0.0" classname="desktop.tests.TestOutlookDesktop">
    <ignored/>
  </testcase> <!-- rescheduleRecMeetingOnePerWeekToDaily -->
  <testcase name="checkMainAmdocsMeetingWindowTemplate" time="0.0" classname="desktop.tests.TestOutlookDesktop">
    <ignored/>
  </testcase> <!-- checkMainAmdocsMeetingWindowTemplate -->
  <testcase name="callAvaya_2_ProductionEnvLoad" time="0.0" classname="desktop.tests.TestOutlookDesktop">
    <ignored/>
  </testcase> <!-- callAvaya_2_ProductionEnvLoad -->
  <testcase name="reoccurringCancellationAll_N" time="0.0" classname="desktop.tests.TestOutlookDesktop">
    <ignored/>
  </testcase> <!-- reoccurringCancellationAll_N -->
  <testcase name="check_ProdPolycomPhoneNumber" time="0.0" classname="desktop.tests.TestOutlookDesktop">
    <ignored/>
  </testcase> <!-- check_ProdPolycomPhoneNumber -->
  <testcase name="callPolycomTestEnvLoad" time="0.0" classname="desktop.tests.TestOutlookDesktop">
    <ignored/>
  </testcase> <!-- callPolycomTestEnvLoad -->
  <testcase name="checkConnectionNewMeetingIDAvaya" time="0.0" classname="desktop.tests.TestOutlookDesktop">
    <ignored/>
  </testcase> <!-- checkConnectionNewMeetingIDAvaya -->
  <testcase name="checkSkypeMeeting" time="0.0" classname="desktop.tests.TestOutlookDesktop">
    <ignored/>
  </testcase> <!-- checkSkypeMeeting -->
  <testcase name="checkConnectionAfterMeetingAvayaProduction_1" time="0.0" classname="desktop.tests.TestOutlookDesktop">
    <ignored/>
  </testcase> <!-- checkConnectionAfterMeetingAvayaProduction_1 -->
  <testcase name="createNewMessage" time="0.0" classname="desktop.tests.TestOutlookDesktop">
    <ignored/>
  </testcase> <!-- createNewMessage -->
  <testcase name="updateMeetingFromThePast" time="0.0" classname="desktop.tests.TestOutlookDesktop">
    <ignored/>
  </testcase> <!-- updateMeetingFromThePast -->
  <testcase name="checkConnectionAfterMeetingAvayaProduction_2" time="0.0" classname="desktop.tests.TestOutlookDesktop">
    <ignored/>
  </testcase> <!-- checkConnectionAfterMeetingAvayaProduction_2 -->
  <testcase name="connectionAllDayMeetingAvayaProductionEnv" time="0.0" classname="desktop.tests.TestOutlookDesktop">
    <ignored/>
  </testcase> <!-- connectionAllDayMeetingAvayaProductionEnv -->
  <testcase name="connectToDeletedMeetingRelevantTimeAvaya2ProdEnv" time="0.0" classname="desktop.tests.TestOutlookDesktop">
    <ignored/>
  </testcase> <!-- connectToDeletedMeetingRelevantTimeAvaya2ProdEnv -->
  <testcase name="create6MonthMeeting" time="0.0" classname="desktop.tests.TestOutlookDesktop">
    <ignored/>
  </testcase> <!-- create6MonthMeeting -->
  <testcase name="checkBeforeConnectionNewRecMeetingIDPolycom" time="0.0" classname="desktop.tests.TestOutlookDesktop">
    <ignored/>
  </testcase> <!-- checkBeforeConnectionNewRecMeetingIDPolycom -->
  <testcase name="updateReoccurringMeeting" time="0.0" classname="desktop.tests.TestOutlookDesktop">
    <ignored/>
  </testcase> <!-- updateReoccurringMeeting -->
  <testcase name="checkConnectionBeforeMeetingPolycomProduction" time="0.0" classname="desktop.tests.TestOutlookDesktop">
    <ignored/>
  </testcase> <!-- checkConnectionBeforeMeetingPolycomProduction -->
  <testcase name="checkConnectionAfterMeetingPolycomTestEnv" time="0.0" classname="desktop.tests.TestOutlookDesktop">
    <ignored/>
  </testcase> <!-- checkConnectionAfterMeetingPolycomTestEnv -->
  <testcase name="createReoccurringMeetingUpdateOneInThePast" time="0.0" classname="desktop.tests.TestOutlookDesktop">
    <ignored/>
  </testcase> <!-- createReoccurringMeetingUpdateOneInThePast -->
  <testcase name="connectionUpdatedRecurringMeetingOneAvayaTestEnv" time="0.0" classname="desktop.tests.TestOutlookDesktop">
    <ignored/>
  </testcase> <!-- connectionUpdatedRecurringMeetingOneAvayaTestEnv -->
  <testcase name="setAmdocsCRUDFunctions" time="0.0" classname="desktop.tests.TestOutlookDesktop">
    <ignored/>
  </testcase> <!-- setAmdocsCRUDFunctions -->
  <testcase name="updateMeetingParticipants" time="0.0" classname="desktop.tests.TestOutlookDesktop">
    <ignored/>
  </testcase> <!-- updateMeetingParticipants -->
  <testcase name="check_ProductionAvayaPhoneNumber" time="0.0" classname="desktop.tests.TestOutlookDesktop">
    <ignored/>
  </testcase> <!-- check_ProductionAvayaPhoneNumber -->
  <testcase name="verifyRoomCreationBeforeMeetingStartTime" time="0.0" classname="desktop.tests.TestOutlookDesktop">
    <ignored/>
  </testcase> <!-- verifyRoomCreationBeforeMeetingStartTime -->
  <testcase name="checkConnectionAfterMeetingAvayaTestEnv" time="0.0" classname="desktop.tests.TestOutlookDesktop">
    <ignored/>
  </testcase> <!-- checkConnectionAfterMeetingAvayaTestEnv -->
  <testcase name="createNewAmdocsMeetingAndPreposeAnotherTime" time="0.0" classname="desktop.tests.TestOutlookDesktop">
    <ignored/>
  </testcase> <!-- createNewAmdocsMeetingAndPreposeAnotherTime -->
  <testcase name="checkAccessNumbers" time="0.0" classname="desktop.tests.TestOutlookDesktop">
    <ignored/>
  </testcase> <!-- checkAccessNumbers -->
  <testcase name="checkBeforeConnectionNewRecMeetingIDAvayaProduction" time="0.0" classname="desktop.tests.TestOutlookDesktop">
    <ignored/>
  </testcase> <!-- checkBeforeConnectionNewRecMeetingIDAvayaProduction -->
  <testcase name="takeMailHeaders" time="0.0" classname="desktop.tests.TestOutlookDesktop">
    <ignored/>
  </testcase> <!-- takeMailHeaders -->
  <testcase name="checkConnectionNewMeetingIDPolycomProduction" time="0.0" classname="desktop.tests.TestOutlookDesktop">
    <ignored/>
  </testcase> <!-- checkConnectionNewMeetingIDPolycomProduction -->
  <testcase name="checkBeforeConnectionNewRecMeetingIDPolycomProduction" time="0.0" classname="desktop.tests.TestOutlookDesktop">
    <ignored/>
  </testcase> <!-- checkBeforeConnectionNewRecMeetingIDPolycomProduction -->
  <testcase name="connectToRescheduledRecMeetingWeeklyToDailyPolycomProduction_2" time="0.0" classname="desktop.tests.TestOutlookDesktop">
    <ignored/>
  </testcase> <!-- connectToRescheduledRecMeetingWeeklyToDailyPolycomProduction_2 -->
  <testcase name="meetingCancellation" time="0.0" classname="desktop.tests.TestOutlookDesktop">
    <ignored/>
  </testcase> <!-- meetingCancellation -->
  <testcase name="createRecurrenceMeetingAndReschadule1Event" time="0.0" classname="desktop.tests.TestOutlookDesktop">
    <ignored/>
  </testcase> <!-- createRecurrenceMeetingAndReschadule1Event -->
  <testcase name="setRecurrenceMeetingInTheFutureProductionEnv" time="0.0" classname="desktop.tests.TestOutlookDesktop">
    <ignored/>
  </testcase> <!-- setRecurrenceMeetingInTheFutureProductionEnv -->
  <testcase name="openMailFromTheMailList" time="0.0" classname="desktop.tests.TestOutlookDesktop">
    <ignored/>
  </testcase> <!-- openMailFromTheMailList -->
  <testcase name="createInvalidNewAmdocsMeeting" time="0.0" classname="desktop.tests.TestOutlookDesktop">
    <ignored/>
  </testcase> <!-- createInvalidNewAmdocsMeeting -->
  <testcase name="updateMeetingDate" time="0.0" classname="desktop.tests.TestOutlookDesktop">
    <ignored/>
  </testcase> <!-- updateMeetingDate -->
  <testcase name="checkSkypeMeetingCallNumber" time="0.0" classname="desktop.tests.TestOutlookDesktop">
    <ignored/>
  </testcase> <!-- checkSkypeMeetingCallNumber -->
  <testcase name="connectionAllDayMeetingPolycomTestEnv" time="0.0" classname="desktop.tests.TestOutlookDesktop">
    <ignored/>
  </testcase> <!-- connectionAllDayMeetingPolycomTestEnv -->
  <testcase name="checkConnectionBeforeMeetingAvayaProduction_1" time="0.0" classname="desktop.tests.TestOutlookDesktop">
    <ignored/>
  </testcase> <!-- checkConnectionBeforeMeetingAvayaProduction_1 -->
  <testcase name="checkConnectionBeforeMeetingAvayaProduction_2" time="0.0" classname="desktop.tests.TestOutlookDesktop">
    <ignored/>
  </testcase> <!-- checkConnectionBeforeMeetingAvayaProduction_2 -->
  <testcase name="connectionAllDayMeetingAvaya2ProductionEnv" time="0.0" classname="desktop.tests.TestOutlookDesktop">
    <ignored/>
  </testcase> <!-- connectionAllDayMeetingAvaya2ProductionEnv -->
  <testcase name="allDayMeetingCancellation" time="0.0" classname="desktop.tests.TestOutlookDesktop">
    <ignored/>
  </testcase> <!-- allDayMeetingCancellation -->
  <testcase name="reoccurringCancellationAll" time="0.0" classname="desktop.tests.TestOutlookDesktop">
    <ignored/>
  </testcase> <!-- reoccurringCancellationAll -->
  <testcase name="connectToDeletedMeetingRelevantTimePolycomProdEnv" time="0.0" classname="desktop.tests.TestOutlookDesktop">
    <ignored/>
  </testcase> <!-- connectToDeletedMeetingRelevantTimePolycomProdEnv -->
  <testcase name="setAllDayMeetingTestEnvironment" time="0.0" classname="desktop.tests.TestOutlookDesktop">
    <ignored/>
  </testcase> <!-- setAllDayMeetingTestEnvironment -->
  <testcase name="callAvayaProductionEnvLoad" time="0.0" classname="desktop.tests.TestOutlookDesktop">
    <ignored/>
  </testcase> <!-- callAvayaProductionEnvLoad -->
  <testcase name="connectToDeletedMeetingRelevantTimeAvaya" time="0.0" classname="desktop.tests.TestOutlookDesktop">
    <ignored/>
  </testcase> <!-- connectToDeletedMeetingRelevantTimeAvaya -->
  <testcase name="checkConnectionBeforeMeetingAvayaTestEnv" time="0.0" classname="desktop.tests.TestOutlookDesktop">
    <ignored/>
  </testcase> <!-- checkConnectionBeforeMeetingAvayaTestEnv -->
  <testcase name="createReoccurringMeeting2DaysAgo" time="0.0" classname="desktop.tests.TestOutlookDesktop">
    <ignored/>
  </testcase> <!-- createReoccurringMeeting2DaysAgo -->
  <testcase name="createNewMeeting" time="0.0" classname="desktop.tests.TestOutlookDesktop">
    <ignored/>
  </testcase> <!-- createNewMeeting -->
  <testcase name="connectToRescheduledRecMeetingWeeklyToDailyPolicomTestEnv" time="0.0" classname="desktop.tests.TestOutlookDesktop">
    <ignored/>
  </testcase> <!-- connectToRescheduledRecMeetingWeeklyToDailyPolicomTestEnv -->
  <testcase name="checkBeforeConnectionNewRecMeetingIDAvayaProduction_2" time="0.0" classname="desktop.tests.TestOutlookDesktop">
    <ignored/>
  </testcase> <!-- checkBeforeConnectionNewRecMeetingIDAvayaProduction_2 -->
</testsuite> <!-- amdocsMeeting -->
