<?xml version="1.0" encoding="UTF-8"?>
<!-- Generated by org.testng.reporters.JUnitXMLReporter -->
<testsuite hostname="MICHAPRU01" ignored="103" name="desktopTesting" tests="1" failures="0" timestamp="02 Nov 2020 10:55:50 GMT" time="64.147" errors="0">
  <testcase name="createTeamsMeetingViaOutlook" time="60.281" classname="desktop.tests.TestOutlookDesktop"/>
  <testcase name="callAvayaProductionEnvLoad_STATIC" time="0.0" classname="desktop.tests.TestOutlookDesktop">
    <ignored/>
  </testcase> <!-- callAvayaProductionEnvLoad_STATIC -->
  <testcase name="setRecurrenceAmdocsMeetingTestEnv" time="0.0" classname="desktop.tests.TestOutlookDesktop">
    <ignored/>
  </testcase> <!-- setRecurrenceAmdocsMeetingTestEnv -->
  <testcase name="connectionAllDayMeetingPolycomProductionEnv" time="0.0" classname="desktop.tests.TestOutlookDesktop">
    <ignored/>
  </testcase> <!-- connectionAllDayMeetingPolycomProductionEnv -->
  <testcase name="setRecurrenceMeetingInTheFutureTestEnv" time="0.0" classname="desktop.tests.TestOutlookDesktop">
    <ignored/>
  </testcase> <!-- setRecurrenceMeetingInTheFutureTestEnv -->
  <testcase name="connectToRescheduledRecMeetingWeeklyToDailyAvayaTestEnv" time="0.0" classname="desktop.tests.TestOutlookDesktop">
    <ignored/>
  </testcase> <!-- connectToRescheduledRecMeetingWeeklyToDailyAvayaTestEnv -->
  <testcase name="callPolycomProductionEnvLoad" time="0.0" classname="desktop.tests.TestOutlookDesktop">
    <ignored/>
  </testcase> <!-- callPolycomProductionEnvLoad -->
  <testcase name="createAmdocsMeetingInTheFuture" time="0.0" classname="desktop.tests.TestOutlookDesktop">
    <ignored/>
  </testcase> <!-- createAmdocsMeetingInTheFuture -->
  <testcase name="connectToDeletedMeetingRelevantTimePolycom" time="0.0" classname="desktop.tests.TestOutlookDesktop">
    <ignored/>
  </testcase> <!-- connectToDeletedMeetingRelevantTimePolycom -->
  <testcase name="check_TestEnvPolycomPhoneNumber" time="0.0" classname="desktop.tests.TestOutlookDesktop">
    <ignored/>
  </testcase> <!-- check_TestEnvPolycomPhoneNumber -->
  <testcase name="setRecurrenceAmdocsMeetingProductionEnv" time="0.0" classname="desktop.tests.TestOutlookDesktop">
    <ignored/>
  </testcase> <!-- setRecurrenceAmdocsMeetingProductionEnv -->
  <testcase name="createMeetingWithoutID" time="0.0" classname="desktop.tests.TestOutlookDesktop">
    <ignored/>
  </testcase> <!-- createMeetingWithoutID -->
  <testcase name="checkConnectionBeforeMeetingPolycomTestEnv" time="0.0" classname="desktop.tests.TestOutlookDesktop">
    <ignored/>
  </testcase> <!-- checkConnectionBeforeMeetingPolycomTestEnv -->
  <testcase name="reoccurringCancellationOne" time="0.0" classname="desktop.tests.TestOutlookDesktop">
    <ignored/>
  </testcase> <!-- reoccurringCancellationOne -->
  <testcase name="create24HoursMeeting" time="0.0" classname="desktop.tests.TestOutlookDesktop">
    <ignored/>
  </testcase> <!-- create24HoursMeeting -->
  <testcase name="connectionAllDayMeetingAvayaTestEnv" time="0.0" classname="desktop.tests.TestOutlookDesktop">
    <ignored/>
  </testcase> <!-- connectionAllDayMeetingAvayaTestEnv -->
  <testcase name="connectToDeletedMeetingRelevantTimeAvayaProdEnv" time="0.0" classname="desktop.tests.TestOutlookDesktop">
    <ignored/>
  </testcase> <!-- connectToDeletedMeetingRelevantTimeAvayaProdEnv -->
  <testcase name="deleteMeetingLoad" time="0.0" classname="desktop.tests.TestOutlookDesktop">
    <ignored/>
  </testcase> <!-- deleteMeetingLoad -->
  <testcase name="rescheduleRecMeetingOnePerWeekToDaily" time="0.0" classname="desktop.tests.TestOutlookDesktop">
    <ignored/>
  </testcase> <!-- rescheduleRecMeetingOnePerWeekToDaily -->
  <testcase name="callAvaya_2_ProductionEnvLoad" time="0.0" classname="desktop.tests.TestOutlookDesktop">
    <ignored/>
  </testcase> <!-- callAvaya_2_ProductionEnvLoad -->
  <testcase name="reoccurringCancellationAll_N" time="0.0" classname="desktop.tests.TestOutlookDesktop">
    <ignored/>
  </testcase> <!-- reoccurringCancellationAll_N -->
  <testcase name="callAvaya2ProductionEnvLoad_STATIC" time="0.0" classname="desktop.tests.TestOutlookDesktop">
    <ignored/>
  </testcase> <!-- callAvaya2ProductionEnvLoad_STATIC -->
  <testcase name="checkConnectionNewMeetingIDAvaya" time="0.0" classname="desktop.tests.TestOutlookDesktop">
    <ignored/>
  </testcase> <!-- checkConnectionNewMeetingIDAvaya -->
  <testcase name="callPolycomProductionEnvLoad_STATIC" time="0.0" classname="desktop.tests.TestOutlookDesktop">
    <ignored/>
  </testcase> <!-- callPolycomProductionEnvLoad_STATIC -->
  <testcase name="createAmdocsMeeting_Load_STATIC" time="0.0" classname="desktop.tests.TestOutlookDesktop">
    <ignored/>
  </testcase> <!-- createAmdocsMeeting_Load_STATIC -->
  <testcase name="checkConnectionAfterMeetingAvayaProduction_1" time="0.0" classname="desktop.tests.TestOutlookDesktop">
    <ignored/>
  </testcase> <!-- checkConnectionAfterMeetingAvayaProduction_1 -->
  <testcase name="popupValidationNoVPN" time="0.0" classname="desktop.tests.TestOutlookDesktop">
    <ignored/>
  </testcase> <!-- popupValidationNoVPN -->
  <testcase name="checkConnectionAfterMeetingAvayaProduction_2" time="0.0" classname="desktop.tests.TestOutlookDesktop">
    <ignored/>
  </testcase> <!-- checkConnectionAfterMeetingAvayaProduction_2 -->
  <testcase name="connectionAllDayMeetingAvayaProductionEnv" time="0.0" classname="desktop.tests.TestOutlookDesktop">
    <ignored/>
  </testcase> <!-- connectionAllDayMeetingAvayaProductionEnv -->
  <testcase name="create6MonthMeeting" time="0.0" classname="desktop.tests.TestOutlookDesktop">
    <ignored/>
  </testcase> <!-- create6MonthMeeting -->
  <testcase name="checkConnectionBeforeMeetingPolycomProduction" time="0.0" classname="desktop.tests.TestOutlookDesktop">
    <ignored/>
  </testcase> <!-- checkConnectionBeforeMeetingPolycomProduction -->
  <testcase name="checkConnectionAfterMeetingPolycomTestEnv" time="0.0" classname="desktop.tests.TestOutlookDesktop">
    <ignored/>
  </testcase> <!-- checkConnectionAfterMeetingPolycomTestEnv -->
  <testcase name="connectionUpdatedRecurringMeetingOneAvayaTestEnv" time="0.0" classname="desktop.tests.TestOutlookDesktop">
    <ignored/>
  </testcase> <!-- connectionUpdatedRecurringMeetingOneAvayaTestEnv -->
  <testcase name="check_ProductionAvayaPhoneNumber" time="0.0" classname="desktop.tests.TestOutlookDesktop">
    <ignored/>
  </testcase> <!-- check_ProductionAvayaPhoneNumber -->
  <testcase name="verifyRoomCreationBeforeMeetingStartTime" time="0.0" classname="desktop.tests.TestOutlookDesktop">
    <ignored/>
  </testcase> <!-- verifyRoomCreationBeforeMeetingStartTime -->
  <testcase name="checkConnectionAfterMeetingAvayaTestEnv" time="0.0" classname="desktop.tests.TestOutlookDesktop">
    <ignored/>
  </testcase> <!-- checkConnectionAfterMeetingAvayaTestEnv -->
  <testcase name="checkBeforeConnectionNewRecMeetingIDAvayaProduction" time="0.0" classname="desktop.tests.TestOutlookDesktop">
    <ignored/>
  </testcase> <!-- checkBeforeConnectionNewRecMeetingIDAvayaProduction -->
  <testcase name="checkBeforeConnectionNewRecMeetingIDPolycomProduction" time="0.0" classname="desktop.tests.TestOutlookDesktop">
    <ignored/>
  </testcase> <!-- checkBeforeConnectionNewRecMeetingIDPolycomProduction -->
  <testcase name="checkConnectionNewMeetingIDPolycomProduction" time="0.0" classname="desktop.tests.TestOutlookDesktop">
    <ignored/>
  </testcase> <!-- checkConnectionNewMeetingIDPolycomProduction -->
  <testcase name="connectToRescheduledRecMeetingWeeklyToDailyPolycomProduction_2" time="0.0" classname="desktop.tests.TestOutlookDesktop">
    <ignored/>
  </testcase> <!-- connectToRescheduledRecMeetingWeeklyToDailyPolycomProduction_2 -->
  <testcase name="meetingCancellation" time="0.0" classname="desktop.tests.TestOutlookDesktop">
    <ignored/>
  </testcase> <!-- meetingCancellation -->
  <testcase name="createRecurrenceMeetingAndReschadule1Event" time="0.0" classname="desktop.tests.TestOutlookDesktop">
    <ignored/>
  </testcase> <!-- createRecurrenceMeetingAndReschadule1Event -->
  <testcase name="setRecurrenceMeetingInTheFutureProductionEnv" time="0.0" classname="desktop.tests.TestOutlookDesktop">
    <ignored/>
  </testcase> <!-- setRecurrenceMeetingInTheFutureProductionEnv -->
  <testcase name="updateMeetingDate" time="0.0" classname="desktop.tests.TestOutlookDesktop">
    <ignored/>
  </testcase> <!-- updateMeetingDate -->
  <testcase name="connectionAllDayMeetingPolycomTestEnv" time="0.0" classname="desktop.tests.TestOutlookDesktop">
    <ignored/>
  </testcase> <!-- connectionAllDayMeetingPolycomTestEnv -->
  <testcase name="connectionAllDayMeetingAvaya2ProductionEnv" time="0.0" classname="desktop.tests.TestOutlookDesktop">
    <ignored/>
  </testcase> <!-- connectionAllDayMeetingAvaya2ProductionEnv -->
  <testcase name="allDayMeetingCancellation" time="0.0" classname="desktop.tests.TestOutlookDesktop">
    <ignored/>
  </testcase> <!-- allDayMeetingCancellation -->
  <testcase name="reoccurringCancellationAll" time="0.0" classname="desktop.tests.TestOutlookDesktop">
    <ignored/>
  </testcase> <!-- reoccurringCancellationAll -->
  <testcase name="connectToDeletedMeetingRelevantTimePolycomProdEnv" time="0.0" classname="desktop.tests.TestOutlookDesktop">
    <ignored/>
  </testcase> <!-- connectToDeletedMeetingRelevantTimePolycomProdEnv -->
  <testcase name="callAvayaProductionEnvLoad" time="0.0" classname="desktop.tests.TestOutlookDesktop">
    <ignored/>
  </testcase> <!-- callAvayaProductionEnvLoad -->
  <testcase name="connectToDeletedMeetingRelevantTimeAvaya" time="0.0" classname="desktop.tests.TestOutlookDesktop">
    <ignored/>
  </testcase> <!-- connectToDeletedMeetingRelevantTimeAvaya -->
  <testcase name="deleteMeetingLoad_1Iteration" time="0.0" classname="desktop.tests.TestOutlookDesktop">
    <ignored/>
  </testcase> <!-- deleteMeetingLoad_1Iteration -->
  <testcase name="callAvayaTestEnvLoad" time="0.0" classname="desktop.tests.TestOutlookDesktop">
    <ignored/>
  </testcase> <!-- callAvayaTestEnvLoad -->
  <testcase name="checkConnectionBeforeMeetingAvayaTestEnv" time="0.0" classname="desktop.tests.TestOutlookDesktop">
    <ignored/>
  </testcase> <!-- checkConnectionBeforeMeetingAvayaTestEnv -->
  <testcase name="connectToRescheduledRecMeetingWeeklyToDailyPolicomTestEnv" time="0.0" classname="desktop.tests.TestOutlookDesktop">
    <ignored/>
  </testcase> <!-- connectToRescheduledRecMeetingWeeklyToDailyPolicomTestEnv -->
  <testcase name="updateReoccurringMeetingSeries" time="0.0" classname="desktop.tests.TestOutlookDesktop">
    <ignored/>
  </testcase> <!-- updateReoccurringMeetingSeries -->
  <testcase name="forwardMeeting" time="0.0" classname="desktop.tests.TestOutlookDesktop">
    <ignored/>
  </testcase> <!-- forwardMeeting -->
  <testcase name="createAmdocsMeeting_Load" time="0.0" classname="desktop.tests.TestOutlookDesktop">
    <ignored/>
  </testcase> <!-- createAmdocsMeeting_Load -->
  <testcase name="verifyRoomCreationAfterMeetingStartTime" time="0.0" classname="desktop.tests.TestOutlookDesktop">
    <ignored/>
  </testcase> <!-- verifyRoomCreationAfterMeetingStartTime -->
  <testcase name="checkConnectionNewMeetingIDAvayaProduction_2" time="0.0" classname="desktop.tests.TestOutlookDesktop">
    <ignored/>
  </testcase> <!-- checkConnectionNewMeetingIDAvayaProduction_2 -->
  <testcase name="updateReoccurringMeetingOne" time="0.0" classname="desktop.tests.TestOutlookDesktop">
    <ignored/>
  </testcase> <!-- updateReoccurringMeetingOne -->
  <testcase name="createNewAmdocsMeetingS" time="0.0" classname="desktop.tests.TestOutlookDesktop">
    <ignored/>
  </testcase> <!-- createNewAmdocsMeetingS -->
  <testcase name="createAllDayMeeting" time="0.0" classname="desktop.tests.TestOutlookDesktop">
    <ignored/>
  </testcase> <!-- createAllDayMeeting -->
  <testcase name="createRecurrenceMeetingOneTimePerWeek" time="0.0" classname="desktop.tests.TestOutlookDesktop">
    <ignored/>
  </testcase> <!-- createRecurrenceMeetingOneTimePerWeek -->
  <testcase name="checkConnectionNewMeetingIDAvayaProduction" time="0.0" classname="desktop.tests.TestOutlookDesktop">
    <ignored/>
  </testcase> <!-- checkConnectionNewMeetingIDAvayaProduction -->
  <testcase name="checkConnectionNewMeetingIDPolycom" time="0.0" classname="desktop.tests.TestOutlookDesktop">
    <ignored/>
  </testcase> <!-- checkConnectionNewMeetingIDPolycom -->
  <testcase name="createInvalidReoccurringMeeting" time="0.0" classname="desktop.tests.TestOutlookDesktop">
    <ignored/>
  </testcase> <!-- createInvalidReoccurringMeeting -->
  <testcase name="createReoccurringMeeting_2" time="0.0" classname="desktop.tests.TestOutlookDesktop">
    <ignored/>
  </testcase> <!-- createReoccurringMeeting_2 -->
  <testcase name="connectionUpdatedRecurringMeetingOnePolycomTestEnv" time="0.0" classname="desktop.tests.TestOutlookDesktop">
    <ignored/>
  </testcase> <!-- connectionUpdatedRecurringMeetingOnePolycomTestEnv -->
  <testcase name="updateAllReoccurringMeeting" time="0.0" classname="desktop.tests.TestOutlookDesktop">
    <ignored/>
  </testcase> <!-- updateAllReoccurringMeeting -->
  <testcase name="setAllDayMeetingProductionEnvironment" time="0.0" classname="desktop.tests.TestOutlookDesktop">
    <ignored/>
  </testcase> <!-- setAllDayMeetingProductionEnvironment -->
  <testcase name="createReoccurringMeeting" time="0.0" classname="desktop.tests.TestOutlookDesktop">
    <ignored/>
  </testcase> <!-- createReoccurringMeeting -->
  <testcase name="checkConnectionAfterMeetingPolycomProduction" time="0.0" classname="desktop.tests.TestOutlookDesktop">
    <ignored/>
  </testcase> <!-- checkConnectionAfterMeetingPolycomProduction -->
  <testcase name="updateMeetingFromThePastTimeAndDateInOneDay" time="0.0" classname="desktop.tests.TestOutlookDesktop">
    <ignored/>
  </testcase> <!-- updateMeetingFromThePastTimeAndDateInOneDay -->
  <testcase name="connectToRescheduledRecMeetingWeeklyToDailyAvayaProduction_1" time="0.0" classname="desktop.tests.TestOutlookDesktop">
    <ignored/>
  </testcase> <!-- connectToRescheduledRecMeetingWeeklyToDailyAvayaProduction_1 -->
  <testcase name="connectToRescheduledRecMeetingWeeklyToDailyAvayaProduction_2" time="0.0" classname="desktop.tests.TestOutlookDesktop">
    <ignored/>
  </testcase> <!-- connectToRescheduledRecMeetingWeeklyToDailyAvayaProduction_2 -->
  <testcase name="checkBeforeConnectionNewRecMeetingIDAvaya" time="0.0" classname="desktop.tests.TestOutlookDesktop">
    <ignored/>
  </testcase> <!-- checkBeforeConnectionNewRecMeetingIDAvaya -->
  <testcase name="createNewAmdocsMeeting" time="0.0" classname="desktop.tests.TestOutlookDesktop">
    <ignored/>
  </testcase> <!-- createNewAmdocsMeeting -->
  <testcase name="checkMainAmdocsMeetingWindowTemplate" time="0.0" classname="desktop.tests.TestOutlookDesktop">
    <ignored/>
  </testcase> <!-- checkMainAmdocsMeetingWindowTemplate -->
  <testcase name="callPolycomTestEnvLoad" time="0.0" classname="desktop.tests.TestOutlookDesktop">
    <ignored/>
  </testcase> <!-- callPolycomTestEnvLoad -->
  <testcase name="check_ProdPolycomPhoneNumber" time="0.0" classname="desktop.tests.TestOutlookDesktop">
    <ignored/>
  </testcase> <!-- check_ProdPolycomPhoneNumber -->
  <testcase name="checkSkypeMeeting" time="0.0" classname="desktop.tests.TestOutlookDesktop">
    <ignored/>
  </testcase> <!-- checkSkypeMeeting -->
  <testcase name="createNewMessage" time="0.0" classname="desktop.tests.TestOutlookDesktop">
    <ignored/>
  </testcase> <!-- createNewMessage -->
  <testcase name="updateMeetingFromThePast" time="0.0" classname="desktop.tests.TestOutlookDesktop">
    <ignored/>
  </testcase> <!-- updateMeetingFromThePast -->
  <testcase name="connectToDeletedMeetingRelevantTimeAvaya2ProdEnv" time="0.0" classname="desktop.tests.TestOutlookDesktop">
    <ignored/>
  </testcase> <!-- connectToDeletedMeetingRelevantTimeAvaya2ProdEnv -->
  <testcase name="addRulesOutlookDesktop" time="0.0" classname="desktop.tests.TestOutlookDesktop">
    <ignored/>
  </testcase> <!-- addRulesOutlookDesktop -->
  <testcase name="checkBeforeConnectionNewRecMeetingIDPolycom" time="0.0" classname="desktop.tests.TestOutlookDesktop">
    <ignored/>
  </testcase> <!-- checkBeforeConnectionNewRecMeetingIDPolycom -->
  <testcase name="updateReoccurringMeeting" time="0.0" classname="desktop.tests.TestOutlookDesktop">
    <ignored/>
  </testcase> <!-- updateReoccurringMeeting -->
  <testcase name="createReoccurringMeetingUpdateOneInThePast" time="0.0" classname="desktop.tests.TestOutlookDesktop">
    <ignored/>
  </testcase> <!-- createReoccurringMeetingUpdateOneInThePast -->
  <testcase name="setAmdocsCRUDFunctions" time="0.0" classname="desktop.tests.TestOutlookDesktop">
    <ignored/>
  </testcase> <!-- setAmdocsCRUDFunctions -->
  <testcase name="updateMeetingParticipants" time="0.0" classname="desktop.tests.TestOutlookDesktop">
    <ignored/>
  </testcase> <!-- updateMeetingParticipants -->
  <testcase name="createNewAmdocsMeetingAndPreposeAnotherTime" time="0.0" classname="desktop.tests.TestOutlookDesktop">
    <ignored/>
  </testcase> <!-- createNewAmdocsMeetingAndPreposeAnotherTime -->
  <testcase name="sendMessageDesktopOutlook" time="0.0" classname="desktop.tests.TestOutlookDesktop">
    <ignored/>
  </testcase> <!-- sendMessageDesktopOutlook -->
  <testcase name="checkAccessNumbers" time="0.0" classname="desktop.tests.TestOutlookDesktop">
    <ignored/>
  </testcase> <!-- checkAccessNumbers -->
  <testcase name="takeMailHeaders" time="0.0" classname="desktop.tests.TestOutlookDesktop">
    <ignored/>
  </testcase> <!-- takeMailHeaders -->
  <testcase name="openMailFromTheMailList" time="0.0" classname="desktop.tests.TestOutlookDesktop">
    <ignored/>
  </testcase> <!-- openMailFromTheMailList -->
  <testcase name="createInvalidNewAmdocsMeeting" time="0.0" classname="desktop.tests.TestOutlookDesktop">
    <ignored/>
  </testcase> <!-- createInvalidNewAmdocsMeeting -->
  <testcase name="checkSkypeMeetingCallNumber" time="0.0" classname="desktop.tests.TestOutlookDesktop">
    <ignored/>
  </testcase> <!-- checkSkypeMeetingCallNumber -->
  <testcase name="checkConnectionBeforeMeetingAvayaProduction_1" time="0.0" classname="desktop.tests.TestOutlookDesktop">
    <ignored/>
  </testcase> <!-- checkConnectionBeforeMeetingAvayaProduction_1 -->
  <testcase name="checkConnectionBeforeMeetingAvayaProduction_2" time="0.0" classname="desktop.tests.TestOutlookDesktop">
    <ignored/>
  </testcase> <!-- checkConnectionBeforeMeetingAvayaProduction_2 -->
  <testcase name="setAllDayMeetingTestEnvironment" time="0.0" classname="desktop.tests.TestOutlookDesktop">
    <ignored/>
  </testcase> <!-- setAllDayMeetingTestEnvironment -->
  <testcase name="createReoccurringMeeting2DaysAgo" time="0.0" classname="desktop.tests.TestOutlookDesktop">
    <ignored/>
  </testcase> <!-- createReoccurringMeeting2DaysAgo -->
  <testcase name="createNewMeeting" time="0.0" classname="desktop.tests.TestOutlookDesktop">
    <ignored/>
  </testcase> <!-- createNewMeeting -->
  <testcase name="checkBeforeConnectionNewRecMeetingIDAvayaProduction_2" time="0.0" classname="desktop.tests.TestOutlookDesktop">
    <ignored/>
  </testcase> <!-- checkBeforeConnectionNewRecMeetingIDAvayaProduction_2 -->
</testsuite> <!-- desktopTesting -->
