<?xml version="1.0" encoding="UTF-8"?>
<!-- Generated by org.testng.reporters.JUnitXMLReporter -->
<testsuite hostname="MICHAPRU01" ignored="77" name="testing" tests="1" failures="0" timestamp="27 Feb 2020 07:54:25 GMT" time="23.269" errors="0">
  <testcase name="@BeforeMethod startDriver" time="21.655" classname="desktop.Config">
    <failure type="org.openqa.selenium.WebDriverException" message="java.net.ConnectException: Failed to connect to localhost/0:0:0:0:0:0:0:1:9999
Build info: version: &amp;apos;3.141.59&amp;apos;, revision: &amp;apos;e82be7d358&amp;apos;, time: &amp;apos;2018-11-14T08:25:48&amp;apos;
System info: host: &amp;apos;MICHAPRU01&amp;apos;, ip: &amp;apos;10.234.12.44&amp;apos;, os.name: &amp;apos;Windows 10&amp;apos;, os.arch: &amp;apos;amd64&amp;apos;, os.version: &amp;apos;10.0&amp;apos;, java.version: &amp;apos;1.8.0_231&amp;apos;
Driver info: driver.version: WiniumDriver">
      <![CDATA[org.openqa.selenium.WebDriverException: java.net.ConnectException: Failed to connect to localhost/0:0:0:0:0:0:0:1:9999
Build info: version: '3.141.59', revision: 'e82be7d358', time: '2018-11-14T08:25:48'
System info: host: 'MICHAPRU01', ip: '10.234.12.44', os.name: 'Windows 10', os.arch: 'amd64', os.version: '10.0', java.version: '1.8.0_231'
Driver info: driver.version: WiniumDriver
at org.openqa.selenium.winium.WiniumDriverCommandExecutor.execute(WiniumDriverCommandExecutor.java:86)
at org.openqa.selenium.remote.RemoteWebDriver.execute(RemoteWebDriver.java:552)
at org.openqa.selenium.remote.RemoteWebDriver.startSession(RemoteWebDriver.java:213)
at org.openqa.selenium.remote.RemoteWebDriver.<init>(RemoteWebDriver.java:131)
at org.openqa.selenium.winium.WiniumDriver.<init>(WiniumDriver.java:75)
at desktop.Config.startDriver(Config.java:63)
Caused by: java.net.ConnectException: Failed to connect to localhost/0:0:0:0:0:0:0:1:9999
at okhttp3.internal.connection.RealConnection.connectSocket(RealConnection.java:247)
at okhttp3.internal.connection.RealConnection.connect(RealConnection.java:165)
at okhttp3.internal.connection.StreamAllocation.findConnection(StreamAllocation.java:257)
at okhttp3.internal.connection.StreamAllocation.findHealthyConnection(StreamAllocation.java:135)
at okhttp3.internal.connection.StreamAllocation.newStream(StreamAllocation.java:114)
at okhttp3.internal.connection.ConnectInterceptor.intercept(ConnectInterceptor.java:42)
at okhttp3.internal.http.RealInterceptorChain.proceed(RealInterceptorChain.java:147)
at okhttp3.internal.http.RealInterceptorChain.proceed(RealInterceptorChain.java:121)
at okhttp3.internal.cache.CacheInterceptor.intercept(CacheInterceptor.java:93)
at okhttp3.internal.http.RealInterceptorChain.proceed(RealInterceptorChain.java:147)
at okhttp3.internal.http.RealInterceptorChain.proceed(RealInterceptorChain.java:121)
at okhttp3.internal.http.BridgeInterceptor.intercept(BridgeInterceptor.java:93)
at okhttp3.internal.http.RealInterceptorChain.proceed(RealInterceptorChain.java:147)
at okhttp3.internal.http.RetryAndFollowUpInterceptor.intercept(RetryAndFollowUpInterceptor.java:126)
at okhttp3.internal.http.RealInterceptorChain.proceed(RealInterceptorChain.java:147)
at okhttp3.internal.http.RealInterceptorChain.proceed(RealInterceptorChain.java:121)
at okhttp3.RealCall.getResponseWithInterceptorChain(RealCall.java:200)
at okhttp3.RealCall.execute(RealCall.java:77)
at org.openqa.selenium.remote.internal.OkHttpClient.execute(OkHttpClient.java:103)
at org.openqa.selenium.remote.ProtocolHandshake.createSession(ProtocolHandshake.java:105)
at org.openqa.selenium.remote.ProtocolHandshake.createSession(ProtocolHandshake.java:74)
at org.openqa.selenium.remote.HttpCommandExecutor.execute(HttpCommandExecutor.java:136)
at org.openqa.selenium.winium.WiniumDriverCommandExecutor.execute(WiniumDriverCommandExecutor.java:78)
... 33 more
Caused by: java.net.ConnectException: Connection refused: connect
at java.net.DualStackPlainSocketImpl.waitForConnect(Native Method)
at java.net.DualStackPlainSocketImpl.socketConnect(Unknown Source)
at java.net.AbstractPlainSocketImpl.doConnect(Unknown Source)
at java.net.AbstractPlainSocketImpl.connectToAddress(Unknown Source)
at java.net.AbstractPlainSocketImpl.connect(Unknown Source)
at java.net.PlainSocketImpl.connect(Unknown Source)
at java.net.SocksSocketImpl.connect(Unknown Source)
at java.net.Socket.connect(Unknown Source)
at okhttp3.internal.platform.Platform.connectSocket(Platform.java:129)
at okhttp3.internal.connection.RealConnection.connectSocket(RealConnection.java:245)
... 55 more
... Removed 28 stack frames]]>
    </failure>
  </testcase> <!-- @BeforeMethod startDriver -->
  <testcase name="@AfterMethod stopDriver" time="0.0" classname="desktop.Config">
    <skipped/>
  </testcase> <!-- @AfterMethod stopDriver -->
  <testcase name="createAllDayMeeting" time="0.0" classname="desktop.tests.TestOutlookDesktop">
    <skipped/>
  </testcase> <!-- createAllDayMeeting -->
  <testcase name="updateReoccurringMeetingSeries" time="0.0" classname="desktop.tests.TestOutlookDesktop">
    <ignored/>
  </testcase> <!-- updateReoccurringMeetingSeries -->
  <testcase name="forwardMeeting" time="0.0" classname="desktop.tests.TestOutlookDesktop">
    <ignored/>
  </testcase> <!-- forwardMeeting -->
  <testcase name="verifyRoomCreationAfterMeetingStartTime" time="0.0" classname="desktop.tests.TestOutlookDesktop">
    <ignored/>
  </testcase> <!-- verifyRoomCreationAfterMeetingStartTime -->
  <testcase name="checkConnectionNewMeetingIDAvayaProduction_2" time="0.0" classname="desktop.tests.TestOutlookDesktop">
    <ignored/>
  </testcase> <!-- checkConnectionNewMeetingIDAvayaProduction_2 -->
  <testcase name="updateReoccurringMeetingOne" time="0.0" classname="desktop.tests.TestOutlookDesktop">
    <ignored/>
  </testcase> <!-- updateReoccurringMeetingOne -->
  <testcase name="connectionAllDayMeetingPolycomProductionEnv" time="0.0" classname="desktop.tests.TestOutlookDesktop">
    <ignored/>
  </testcase> <!-- connectionAllDayMeetingPolycomProductionEnv -->
  <testcase name="connectToRescheduledRecMeetingWeeklyToDailyAvayaTestEnv" time="0.0" classname="desktop.tests.TestOutlookDesktop">
    <ignored/>
  </testcase> <!-- connectToRescheduledRecMeetingWeeklyToDailyAvayaTestEnv -->
  <testcase name="createRecurrenceMeetingOneTimePerWeek" time="0.0" classname="desktop.tests.TestOutlookDesktop">
    <ignored/>
  </testcase> <!-- createRecurrenceMeetingOneTimePerWeek -->
  <testcase name="checkConnectionNewMeetingIDAvayaProduction" time="0.0" classname="desktop.tests.TestOutlookDesktop">
    <ignored/>
  </testcase> <!-- checkConnectionNewMeetingIDAvayaProduction -->
  <testcase name="createAmdocsMeetingInTheFuture" time="0.0" classname="desktop.tests.TestOutlookDesktop">
    <ignored/>
  </testcase> <!-- createAmdocsMeetingInTheFuture -->
  <testcase name="connectToDeletedMeetingRelevantTimePolycom" time="0.0" classname="desktop.tests.TestOutlookDesktop">
    <ignored/>
  </testcase> <!-- connectToDeletedMeetingRelevantTimePolycom -->
  <testcase name="check_TestEnvPolycomPhoneNumber" time="0.0" classname="desktop.tests.TestOutlookDesktop">
    <ignored/>
  </testcase> <!-- check_TestEnvPolycomPhoneNumber -->
  <testcase name="checkConnectionNewMeetingIDPolycom" time="0.0" classname="desktop.tests.TestOutlookDesktop">
    <ignored/>
  </testcase> <!-- checkConnectionNewMeetingIDPolycom -->
  <testcase name="createMeetingWithoutID" time="0.0" classname="desktop.tests.TestOutlookDesktop">
    <ignored/>
  </testcase> <!-- createMeetingWithoutID -->
  <testcase name="createInvalidReoccurringMeeting" time="0.0" classname="desktop.tests.TestOutlookDesktop">
    <ignored/>
  </testcase> <!-- createInvalidReoccurringMeeting -->
  <testcase name="createReoccurringMeeting_2" time="0.0" classname="desktop.tests.TestOutlookDesktop">
    <ignored/>
  </testcase> <!-- createReoccurringMeeting_2 -->
  <testcase name="connectionUpdatedRecurringMeetingOnePolycomTestEnv" time="0.0" classname="desktop.tests.TestOutlookDesktop">
    <ignored/>
  </testcase> <!-- connectionUpdatedRecurringMeetingOnePolycomTestEnv -->
  <testcase name="checkConnectionBeforeMeetingPolycomTestEnv" time="0.0" classname="desktop.tests.TestOutlookDesktop">
    <ignored/>
  </testcase> <!-- checkConnectionBeforeMeetingPolycomTestEnv -->
  <testcase name="reoccurringCancellationOne" time="0.0" classname="desktop.tests.TestOutlookDesktop">
    <ignored/>
  </testcase> <!-- reoccurringCancellationOne -->
  <testcase name="updateAllReoccurringMeeting" time="0.0" classname="desktop.tests.TestOutlookDesktop">
    <ignored/>
  </testcase> <!-- updateAllReoccurringMeeting -->
  <testcase name="updateMeetingFromThePastTimeAndDateInOneDay" time="0.0" classname="desktop.tests.TestOutlookDesktop">
    <ignored/>
  </testcase> <!-- updateMeetingFromThePastTimeAndDateInOneDay -->
  <testcase name="createReoccurringMeeting" time="0.0" classname="desktop.tests.TestOutlookDesktop">
    <ignored/>
  </testcase> <!-- createReoccurringMeeting -->
  <testcase name="connectToRescheduledRecMeetingWeeklyToDailyAvayaProduction_1" time="0.0" classname="desktop.tests.TestOutlookDesktop">
    <ignored/>
  </testcase> <!-- connectToRescheduledRecMeetingWeeklyToDailyAvayaProduction_1 -->
  <testcase name="checkConnectionAfterMeetingPolycomProduction" time="0.0" classname="desktop.tests.TestOutlookDesktop">
    <ignored/>
  </testcase> <!-- checkConnectionAfterMeetingPolycomProduction -->
  <testcase name="connectToRescheduledRecMeetingWeeklyToDailyAvayaProduction_2" time="0.0" classname="desktop.tests.TestOutlookDesktop">
    <ignored/>
  </testcase> <!-- connectToRescheduledRecMeetingWeeklyToDailyAvayaProduction_2 -->
  <testcase name="create24HoursMeeting" time="0.0" classname="desktop.tests.TestOutlookDesktop">
    <ignored/>
  </testcase> <!-- create24HoursMeeting -->
  <testcase name="checkBeforeConnectionNewRecMeetingIDAvaya" time="0.0" classname="desktop.tests.TestOutlookDesktop">
    <ignored/>
  </testcase> <!-- checkBeforeConnectionNewRecMeetingIDAvaya -->
  <testcase name="connectionAllDayMeetingAvayaTestEnv" time="0.0" classname="desktop.tests.TestOutlookDesktop">
    <ignored/>
  </testcase> <!-- connectionAllDayMeetingAvayaTestEnv -->
  <testcase name="connectToDeletedMeetingRelevantTimeAvayaProdEnv" time="0.0" classname="desktop.tests.TestOutlookDesktop">
    <ignored/>
  </testcase> <!-- connectToDeletedMeetingRelevantTimeAvayaProdEnv -->
  <testcase name="createNewAmdocsMeeting" time="0.0" classname="desktop.tests.TestOutlookDesktop">
    <ignored/>
  </testcase> <!-- createNewAmdocsMeeting -->
  <testcase name="rescheduleRecMeetingOnePerWeekToDaily" time="0.0" classname="desktop.tests.TestOutlookDesktop">
    <ignored/>
  </testcase> <!-- rescheduleRecMeetingOnePerWeekToDaily -->
  <testcase name="checkMainAmdocsMeetingWindowTemplate" time="0.0" classname="desktop.tests.TestOutlookDesktop">
    <ignored/>
  </testcase> <!-- checkMainAmdocsMeetingWindowTemplate -->
  <testcase name="check_ProdPolycomPhoneNumber" time="0.0" classname="desktop.tests.TestOutlookDesktop">
    <ignored/>
  </testcase> <!-- check_ProdPolycomPhoneNumber -->
  <testcase name="checkConnectionNewMeetingIDAvaya" time="0.0" classname="desktop.tests.TestOutlookDesktop">
    <ignored/>
  </testcase> <!-- checkConnectionNewMeetingIDAvaya -->
  <testcase name="checkSkypeMeeting" time="0.0" classname="desktop.tests.TestOutlookDesktop">
    <ignored/>
  </testcase> <!-- checkSkypeMeeting -->
  <testcase name="checkConnectionAfterMeetingAvayaProduction_1" time="0.0" classname="desktop.tests.TestOutlookDesktop">
    <ignored/>
  </testcase> <!-- checkConnectionAfterMeetingAvayaProduction_1 -->
  <testcase name="createNewMessage" time="0.0" classname="desktop.tests.TestOutlookDesktop">
    <ignored/>
  </testcase> <!-- createNewMessage -->
  <testcase name="updateMeetingFromThePast" time="0.0" classname="desktop.tests.TestOutlookDesktop">
    <ignored/>
  </testcase> <!-- updateMeetingFromThePast -->
  <testcase name="checkConnectionAfterMeetingAvayaProduction_2" time="0.0" classname="desktop.tests.TestOutlookDesktop">
    <ignored/>
  </testcase> <!-- checkConnectionAfterMeetingAvayaProduction_2 -->
  <testcase name="connectionAllDayMeetingAvayaProductionEnv" time="0.0" classname="desktop.tests.TestOutlookDesktop">
    <ignored/>
  </testcase> <!-- connectionAllDayMeetingAvayaProductionEnv -->
  <testcase name="connectToDeletedMeetingRelevantTimeAvaya2ProdEnv" time="0.0" classname="desktop.tests.TestOutlookDesktop">
    <ignored/>
  </testcase> <!-- connectToDeletedMeetingRelevantTimeAvaya2ProdEnv -->
  <testcase name="create6MonthMeeting" time="0.0" classname="desktop.tests.TestOutlookDesktop">
    <ignored/>
  </testcase> <!-- create6MonthMeeting -->
  <testcase name="checkBeforeConnectionNewRecMeetingIDPolycom" time="0.0" classname="desktop.tests.TestOutlookDesktop">
    <ignored/>
  </testcase> <!-- checkBeforeConnectionNewRecMeetingIDPolycom -->
  <testcase name="updateReoccurringMeeting" time="0.0" classname="desktop.tests.TestOutlookDesktop">
    <ignored/>
  </testcase> <!-- updateReoccurringMeeting -->
  <testcase name="checkConnectionBeforeMeetingPolycomProduction" time="0.0" classname="desktop.tests.TestOutlookDesktop">
    <ignored/>
  </testcase> <!-- checkConnectionBeforeMeetingPolycomProduction -->
  <testcase name="checkConnectionAfterMeetingPolycomTestEnv" time="0.0" classname="desktop.tests.TestOutlookDesktop">
    <ignored/>
  </testcase> <!-- checkConnectionAfterMeetingPolycomTestEnv -->
  <testcase name="createReoccurringMeetingUpdateOneInThePast" time="0.0" classname="desktop.tests.TestOutlookDesktop">
    <ignored/>
  </testcase> <!-- createReoccurringMeetingUpdateOneInThePast -->
  <testcase name="connectionUpdatedRecurringMeetingOneAvayaTestEnv" time="0.0" classname="desktop.tests.TestOutlookDesktop">
    <ignored/>
  </testcase> <!-- connectionUpdatedRecurringMeetingOneAvayaTestEnv -->
  <testcase name="updateMeetingParticipants" time="0.0" classname="desktop.tests.TestOutlookDesktop">
    <ignored/>
  </testcase> <!-- updateMeetingParticipants -->
  <testcase name="check_ProductionAvayaPhoneNumber" time="0.0" classname="desktop.tests.TestOutlookDesktop">
    <ignored/>
  </testcase> <!-- check_ProductionAvayaPhoneNumber -->
  <testcase name="verifyRoomCreationBeforeMeetingStartTime" time="0.0" classname="desktop.tests.TestOutlookDesktop">
    <ignored/>
  </testcase> <!-- verifyRoomCreationBeforeMeetingStartTime -->
  <testcase name="checkConnectionAfterMeetingAvayaTestEnv" time="0.0" classname="desktop.tests.TestOutlookDesktop">
    <ignored/>
  </testcase> <!-- checkConnectionAfterMeetingAvayaTestEnv -->
  <testcase name="createNewAmdocsMeetingAndPreposeAnotherTime" time="0.0" classname="desktop.tests.TestOutlookDesktop">
    <ignored/>
  </testcase> <!-- createNewAmdocsMeetingAndPreposeAnotherTime -->
  <testcase name="checkAccessNumbers" time="0.0" classname="desktop.tests.TestOutlookDesktop">
    <ignored/>
  </testcase> <!-- checkAccessNumbers -->
  <testcase name="checkBeforeConnectionNewRecMeetingIDAvayaProduction" time="0.0" classname="desktop.tests.TestOutlookDesktop">
    <ignored/>
  </testcase> <!-- checkBeforeConnectionNewRecMeetingIDAvayaProduction -->
  <testcase name="takeMailHeaders" time="0.0" classname="desktop.tests.TestOutlookDesktop">
    <ignored/>
  </testcase> <!-- takeMailHeaders -->
  <testcase name="checkConnectionNewMeetingIDPolycomProduction" time="0.0" classname="desktop.tests.TestOutlookDesktop">
    <ignored/>
  </testcase> <!-- checkConnectionNewMeetingIDPolycomProduction -->
  <testcase name="checkBeforeConnectionNewRecMeetingIDPolycomProduction" time="0.0" classname="desktop.tests.TestOutlookDesktop">
    <ignored/>
  </testcase> <!-- checkBeforeConnectionNewRecMeetingIDPolycomProduction -->
  <testcase name="connectToRescheduledRecMeetingWeeklyToDailyPolycomProduction_2" time="0.0" classname="desktop.tests.TestOutlookDesktop">
    <ignored/>
  </testcase> <!-- connectToRescheduledRecMeetingWeeklyToDailyPolycomProduction_2 -->
  <testcase name="meetingCancellation" time="0.0" classname="desktop.tests.TestOutlookDesktop">
    <ignored/>
  </testcase> <!-- meetingCancellation -->
  <testcase name="createRecurrenceMeetingAndReschadule1Event" time="0.0" classname="desktop.tests.TestOutlookDesktop">
    <ignored/>
  </testcase> <!-- createRecurrenceMeetingAndReschadule1Event -->
  <testcase name="openMailFromTheMailList" time="0.0" classname="desktop.tests.TestOutlookDesktop">
    <ignored/>
  </testcase> <!-- openMailFromTheMailList -->
  <testcase name="createInvalidNewAmdocsMeeting" time="0.0" classname="desktop.tests.TestOutlookDesktop">
    <ignored/>
  </testcase> <!-- createInvalidNewAmdocsMeeting -->
  <testcase name="updateMeetingDate" time="0.0" classname="desktop.tests.TestOutlookDesktop">
    <ignored/>
  </testcase> <!-- updateMeetingDate -->
  <testcase name="checkSkypeMeetingCallNumber" time="0.0" classname="desktop.tests.TestOutlookDesktop">
    <ignored/>
  </testcase> <!-- checkSkypeMeetingCallNumber -->
  <testcase name="connectionAllDayMeetingPolycomTestEnv" time="0.0" classname="desktop.tests.TestOutlookDesktop">
    <ignored/>
  </testcase> <!-- connectionAllDayMeetingPolycomTestEnv -->
  <testcase name="checkConnectionBeforeMeetingAvayaProduction_1" time="0.0" classname="desktop.tests.TestOutlookDesktop">
    <ignored/>
  </testcase> <!-- checkConnectionBeforeMeetingAvayaProduction_1 -->
  <testcase name="checkConnectionBeforeMeetingAvayaProduction_2" time="0.0" classname="desktop.tests.TestOutlookDesktop">
    <ignored/>
  </testcase> <!-- checkConnectionBeforeMeetingAvayaProduction_2 -->
  <testcase name="connectionAllDayMeetingAvaya2ProductionEnv" time="0.0" classname="desktop.tests.TestOutlookDesktop">
    <ignored/>
  </testcase> <!-- connectionAllDayMeetingAvaya2ProductionEnv -->
  <testcase name="reoccurringCancellationAll" time="0.0" classname="desktop.tests.TestOutlookDesktop">
    <ignored/>
  </testcase> <!-- reoccurringCancellationAll -->
  <testcase name="connectToDeletedMeetingRelevantTimePolycomProdEnv" time="0.0" classname="desktop.tests.TestOutlookDesktop">
    <ignored/>
  </testcase> <!-- connectToDeletedMeetingRelevantTimePolycomProdEnv -->
  <testcase name="connectToDeletedMeetingRelevantTimeAvaya" time="0.0" classname="desktop.tests.TestOutlookDesktop">
    <ignored/>
  </testcase> <!-- connectToDeletedMeetingRelevantTimeAvaya -->
  <testcase name="checkConnectionBeforeMeetingAvayaTestEnv" time="0.0" classname="desktop.tests.TestOutlookDesktop">
    <ignored/>
  </testcase> <!-- checkConnectionBeforeMeetingAvayaTestEnv -->
  <testcase name="createReoccurringMeeting2DaysAgo" time="0.0" classname="desktop.tests.TestOutlookDesktop">
    <ignored/>
  </testcase> <!-- createReoccurringMeeting2DaysAgo -->
  <testcase name="createNewMeeting" time="0.0" classname="desktop.tests.TestOutlookDesktop">
    <ignored/>
  </testcase> <!-- createNewMeeting -->
  <testcase name="connectToRescheduledRecMeetingWeeklyToDailyPolicomTestEnv" time="0.0" classname="desktop.tests.TestOutlookDesktop">
    <ignored/>
  </testcase> <!-- connectToRescheduledRecMeetingWeeklyToDailyPolicomTestEnv -->
  <testcase name="checkBeforeConnectionNewRecMeetingIDAvayaProduction_2" time="0.0" classname="desktop.tests.TestOutlookDesktop">
    <ignored/>
  </testcase> <!-- checkBeforeConnectionNewRecMeetingIDAvayaProduction_2 -->
</testsuite> <!-- testing -->
