<?xml version="1.0" encoding="UTF-8"?>
<!-- Generated by org.testng.reporters.JUnitXMLReporter -->
<testsuite hostname="MICHAPRU01" ignored="39" name="testing" tests="10" failures="0" timestamp="05 Jan 2020 12:42:23 GMT" time="608.273" errors="0">
  <testcase name="createNewTeam" time="64.836" classname="tests.TestTeamsChannelPage"/>
  <testcase name="checkNewTeam" time="55.231" classname="tests.TestTeamsChannelPage"/>
  <testcase name="createNewFlow" time="56.656" classname="tests.TestPowerAutomate"/>
  <testcase name="addNewFolderOneDrive" time="38.737" classname="tests.TestOneDrive"/>
  <testcase name="formsMainFunctionality" time="44.832" classname="tests.TestForms"/>
  <testcase name="creationAndVerificationOfNewPlan" time="51.266" classname="tests.TestPlanner"/>
  <testcase name="addPlannerViaTeams" time="64.759" classname="tests.TestPlannerViaTeams"/>
  <testcase name="addFormsViaTeams" time="62.893" classname="tests.TestFormViaTeams"/>
  <testcase name="addNewMeeting" time="51.586" classname="tests.TestTeamsChannelPage"/>
  <testcase name="toDoApp" time="40.36" classname="tests.TestsToDo"/>
  <testcase name="addNewFlow" time="0.0" classname="tests.TestTeamsChannelPage">
    <ignored/>
  </testcase> <!-- addNewFlow -->
  <testcase name="@AfterSuite timeSpent" time="0.0" classname="pages.Settings">
    <ignored/>
  </testcase> <!-- @AfterSuite timeSpent -->
  <testcase name="@AfterSuite timeSpent" time="0.0" classname="pages.Settings">
    <ignored/>
  </testcase> <!-- @AfterSuite timeSpent -->
  <testcase name="@AfterSuite timeSpent" time="0.0" classname="pages.Settings">
    <ignored/>
  </testcase> <!-- @AfterSuite timeSpent -->
  <testcase name="@AfterSuite timeSpent" time="0.0" classname="pages.Settings">
    <ignored/>
  </testcase> <!-- @AfterSuite timeSpent -->
  <testcase name="@AfterSuite timeSpent" time="0.0" classname="pages.Settings">
    <ignored/>
  </testcase> <!-- @AfterSuite timeSpent -->
  <testcase name="@AfterSuite timeSpent" time="0.0" classname="pages.Settings">
    <ignored/>
  </testcase> <!-- @AfterSuite timeSpent -->
  <testcase name="@AfterSuite timeSpent" time="0.0" classname="pages.Settings">
    <ignored/>
  </testcase> <!-- @AfterSuite timeSpent -->
  <testcase name="addNewTabWeb" time="0.0" classname="tests.TestTeamsChannelPage">
    <ignored/>
  </testcase> <!-- addNewTabWeb -->
  <testcase name="chatAttachmentOneDrive" time="0.0" classname="tests.TestTeamsChannelPage">
    <ignored/>
  </testcase> <!-- chatAttachmentOneDrive -->
  <testcase name="deleteNewTeam" time="0.0" classname="tests.TestTeamsChannelPage">
    <ignored/>
  </testcase> <!-- deleteNewTeam -->
  <testcase name="createQuiz" time="0.0" classname="tests.TestForms">
    <ignored/>
  </testcase> <!-- createQuiz -->
  <testcase name="@AfterTest tearDownAll" time="0.0" classname="pages.Settings">
    <ignored/>
  </testcase> <!-- @AfterTest tearDownAll -->
  <testcase name="@AfterTest tearDownAll" time="0.0" classname="pages.Settings">
    <ignored/>
  </testcase> <!-- @AfterTest tearDownAll -->
  <testcase name="@AfterTest tearDownAll" time="0.0" classname="pages.Settings">
    <ignored/>
  </testcase> <!-- @AfterTest tearDownAll -->
  <testcase name="@AfterTest tearDownAll" time="0.0" classname="pages.Settings">
    <ignored/>
  </testcase> <!-- @AfterTest tearDownAll -->
  <testcase name="@AfterTest tearDownAll" time="0.0" classname="pages.Settings">
    <ignored/>
  </testcase> <!-- @AfterTest tearDownAll -->
  <testcase name="@AfterTest tearDownAll" time="0.0" classname="pages.Settings">
    <ignored/>
  </testcase> <!-- @AfterTest tearDownAll -->
  <testcase name="@AfterTest tearDownAll" time="0.0" classname="pages.Settings">
    <ignored/>
  </testcase> <!-- @AfterTest tearDownAll -->
  <testcase name="setStatusInTeams" time="0.0" classname="tests.TestTeamsChannelPage">
    <ignored/>
  </testcase> <!-- setStatusInTeams -->
  <testcase name="createNewExcelWorkbook" time="0.0" classname="tests.TestOneDrive">
    <ignored/>
  </testcase> <!-- createNewExcelWorkbook -->
  <testcase name="@BeforeTest ReportSetup" time="0.0" classname="pages.Settings">
    <ignored/>
  </testcase> <!-- @BeforeTest ReportSetup -->
  <testcase name="@BeforeTest ReportSetup" time="0.0" classname="pages.Settings">
    <ignored/>
  </testcase> <!-- @BeforeTest ReportSetup -->
  <testcase name="@BeforeTest ReportSetup" time="0.0" classname="pages.Settings">
    <ignored/>
  </testcase> <!-- @BeforeTest ReportSetup -->
  <testcase name="@BeforeTest ReportSetup" time="0.0" classname="pages.Settings">
    <ignored/>
  </testcase> <!-- @BeforeTest ReportSetup -->
  <testcase name="@BeforeTest ReportSetup" time="0.0" classname="pages.Settings">
    <ignored/>
  </testcase> <!-- @BeforeTest ReportSetup -->
  <testcase name="@BeforeTest ReportSetup" time="0.0" classname="pages.Settings">
    <ignored/>
  </testcase> <!-- @BeforeTest ReportSetup -->
  <testcase name="@BeforeTest ReportSetup" time="0.0" classname="pages.Settings">
    <ignored/>
  </testcase> <!-- @BeforeTest ReportSetup -->
  <testcase name="assignRoleValidation" time="0.0" classname="tests.TestTeamsChannelPage">
    <ignored/>
  </testcase> <!-- assignRoleValidation -->
  <testcase name="sendEmojiGiphyStickerToTheChat" time="0.0" classname="tests.TestTeamsChannelPage">
    <ignored/>
  </testcase> <!-- sendEmojiGiphyStickerToTheChat -->
  <testcase name="createNewLink" time="0.0" classname="tests.TestOneDrive">
    <ignored/>
  </testcase> <!-- createNewLink -->
  <testcase name="createNewWordDocument" time="0.0" classname="tests.TestOneDrive">
    <ignored/>
  </testcase> <!-- createNewWordDocument -->
  <testcase name="@BeforeSuite setTimePoint" time="0.0" classname="pages.Settings">
    <ignored/>
  </testcase> <!-- @BeforeSuite setTimePoint -->
  <testcase name="@BeforeSuite setTimePoint" time="0.0" classname="pages.Settings">
    <ignored/>
  </testcase> <!-- @BeforeSuite setTimePoint -->
  <testcase name="@BeforeSuite setTimePoint" time="0.0" classname="pages.Settings">
    <ignored/>
  </testcase> <!-- @BeforeSuite setTimePoint -->
  <testcase name="@BeforeSuite setTimePoint" time="0.0" classname="pages.Settings">
    <ignored/>
  </testcase> <!-- @BeforeSuite setTimePoint -->
  <testcase name="@BeforeSuite setTimePoint" time="0.0" classname="pages.Settings">
    <ignored/>
  </testcase> <!-- @BeforeSuite setTimePoint -->
  <testcase name="@BeforeSuite setTimePoint" time="0.0" classname="pages.Settings">
    <ignored/>
  </testcase> <!-- @BeforeSuite setTimePoint -->
  <testcase name="@BeforeSuite setTimePoint" time="0.0" classname="pages.Settings">
    <ignored/>
  </testcase> <!-- @BeforeSuite setTimePoint -->
</testsuite> <!-- testing -->
