<?xml version="1.0" encoding="UTF-8"?>
<!-- Generated by org.testng.reporters.JUnitXMLReporter -->
<testsuite hostname="MICHAPRU01" ignored="35" name="testing" tests="9" failures="0" timestamp="27 Jan 2020 10:12:02 GMT" time="536.045" errors="0">
  <testcase name="createNewTeam" time="62.205" classname="tests.TestTeamsChannelPage"/>
  <testcase name="checkNewTeam" time="47.391" classname="tests.TestTeamsChannelPage"/>
  <testcase name="createNewFlow" time="57.793" classname="tests.TestPowerAutomate"/>
  <testcase name="uploadNewFileOneDrive" time="49.162" classname="tests.TestOneDrive"/>
  <testcase name="uploadNewFolderOneDrive" time="52.685" classname="tests.TestOneDrive"/>
  <testcase name="formsMainFunctionality" time="43.288" classname="tests.TestForms"/>
  <testcase name="creationAndVerificationOfNewPlan" time="50.424" classname="tests.TestPlanner"/>
  <testcase name="addNewMeeting" time="51.991" classname="tests.TestTeamsChannelPage"/>
  <testcase name="toDoApp" time="49.02" classname="tests.TestsToDo"/>
  <testcase name="addNewFlow" time="0.0" classname="tests.TestTeamsChannelPage">
    <ignored/>
  </testcase> <!-- addNewFlow -->
  <testcase name="@AfterSuite timeSpent" time="0.0" classname="pages.Settings">
    <ignored/>
  </testcase> <!-- @AfterSuite timeSpent -->
  <testcase name="@AfterSuite timeSpent" time="0.0" classname="pages.Settings">
    <ignored/>
  </testcase> <!-- @AfterSuite timeSpent -->
  <testcase name="@AfterSuite timeSpent" time="0.0" classname="pages.Settings">
    <ignored/>
  </testcase> <!-- @AfterSuite timeSpent -->
  <testcase name="@AfterSuite timeSpent" time="0.0" classname="pages.Settings">
    <ignored/>
  </testcase> <!-- @AfterSuite timeSpent -->
  <testcase name="@AfterSuite timeSpent" time="0.0" classname="pages.Settings">
    <ignored/>
  </testcase> <!-- @AfterSuite timeSpent -->
  <testcase name="addNewTabWeb" time="0.0" classname="tests.TestTeamsChannelPage">
    <ignored/>
  </testcase> <!-- addNewTabWeb -->
  <testcase name="chatAttachmentOneDrive" time="0.0" classname="tests.TestTeamsChannelPage">
    <ignored/>
  </testcase> <!-- chatAttachmentOneDrive -->
  <testcase name="deleteNewTeam" time="0.0" classname="tests.TestTeamsChannelPage">
    <ignored/>
  </testcase> <!-- deleteNewTeam -->
  <testcase name="shareOneDriveDocument_" time="0.0" classname="tests.TestOneDrive">
    <ignored/>
  </testcase> <!-- shareOneDriveDocument_ -->
  <testcase name="sendEmojiStickerToTheChat" time="0.0" classname="tests.TestTeamsChannelPage">
    <ignored/>
  </testcase> <!-- sendEmojiStickerToTheChat -->
  <testcase name="createQuiz" time="0.0" classname="tests.TestForms">
    <ignored/>
  </testcase> <!-- createQuiz -->
  <testcase name="addNewFolderOneDrive" time="0.0" classname="tests.TestOneDrive">
    <ignored/>
  </testcase> <!-- addNewFolderOneDrive -->
  <testcase name="@AfterTest tearDownAll" time="0.0" classname="pages.Settings">
    <ignored/>
  </testcase> <!-- @AfterTest tearDownAll -->
  <testcase name="@AfterTest tearDownAll" time="0.0" classname="pages.Settings">
    <ignored/>
  </testcase> <!-- @AfterTest tearDownAll -->
  <testcase name="@AfterTest tearDownAll" time="0.0" classname="pages.Settings">
    <ignored/>
  </testcase> <!-- @AfterTest tearDownAll -->
  <testcase name="@AfterTest tearDownAll" time="0.0" classname="pages.Settings">
    <ignored/>
  </testcase> <!-- @AfterTest tearDownAll -->
  <testcase name="@AfterTest tearDownAll" time="0.0" classname="pages.Settings">
    <ignored/>
  </testcase> <!-- @AfterTest tearDownAll -->
  <testcase name="setStatusInTeams" time="0.0" classname="tests.TestTeamsChannelPage">
    <ignored/>
  </testcase> <!-- setStatusInTeams -->
  <testcase name="createNewExcelWorkbook" time="0.0" classname="tests.TestOneDrive">
    <ignored/>
  </testcase> <!-- createNewExcelWorkbook -->
  <testcase name="@BeforeTest ReportSetup" time="0.0" classname="pages.Settings">
    <ignored/>
  </testcase> <!-- @BeforeTest ReportSetup -->
  <testcase name="@BeforeTest ReportSetup" time="0.0" classname="pages.Settings">
    <ignored/>
  </testcase> <!-- @BeforeTest ReportSetup -->
  <testcase name="@BeforeTest ReportSetup" time="0.0" classname="pages.Settings">
    <ignored/>
  </testcase> <!-- @BeforeTest ReportSetup -->
  <testcase name="@BeforeTest ReportSetup" time="0.0" classname="pages.Settings">
    <ignored/>
  </testcase> <!-- @BeforeTest ReportSetup -->
  <testcase name="@BeforeTest ReportSetup" time="0.0" classname="pages.Settings">
    <ignored/>
  </testcase> <!-- @BeforeTest ReportSetup -->
  <testcase name="assignRoleValidation" time="0.0" classname="tests.TestTeamsChannelPage">
    <ignored/>
  </testcase> <!-- assignRoleValidation -->
  <testcase name="sendEmojiGiphyStickerToTheChat" time="0.0" classname="tests.TestTeamsChannelPage">
    <ignored/>
  </testcase> <!-- sendEmojiGiphyStickerToTheChat -->
  <testcase name="createNewLink" time="0.0" classname="tests.TestOneDrive">
    <ignored/>
  </testcase> <!-- createNewLink -->
  <testcase name="createNewPrivateTeam" time="0.0" classname="tests.TestTeamsChannelPage">
    <ignored/>
  </testcase> <!-- createNewPrivateTeam -->
  <testcase name="createNewWordDocument" time="0.0" classname="tests.TestOneDrive">
    <ignored/>
  </testcase> <!-- createNewWordDocument -->
  <testcase name="@BeforeSuite setTimePoint" time="0.0" classname="pages.Settings">
    <ignored/>
  </testcase> <!-- @BeforeSuite setTimePoint -->
  <testcase name="@BeforeSuite setTimePoint" time="0.0" classname="pages.Settings">
    <ignored/>
  </testcase> <!-- @BeforeSuite setTimePoint -->
  <testcase name="@BeforeSuite setTimePoint" time="0.0" classname="pages.Settings">
    <ignored/>
  </testcase> <!-- @BeforeSuite setTimePoint -->
  <testcase name="@BeforeSuite setTimePoint" time="0.0" classname="pages.Settings">
    <ignored/>
  </testcase> <!-- @BeforeSuite setTimePoint -->
  <testcase name="@BeforeSuite setTimePoint" time="0.0" classname="pages.Settings">
    <ignored/>
  </testcase> <!-- @BeforeSuite setTimePoint -->
</testsuite> <!-- testing -->
